#
# A fatal error has been detected by the Java Runtime Environment:
#
#  EXCEPTION_ACCESS_VIOLATION (0xc0000005) at pc=0x0000000000000000, pid=4820, tid=14588
#
# JRE version: Java(TM) SE Runtime Environment (21.0.2+13) (build 21.0.2+13-LTS-58)
# Java VM: Java HotSpot(TM) 64-Bit Server VM (21.0.2+13-LTS-58, mixed mode, sharing, tiered, compressed oops, compressed class ptrs, g1 gc, windows-amd64)
# Problematic frame:
# C  [sqlite-3.8.11.2-3d62ecce-0905-4d94-abfb-b9ea535ef9e7-sqlitejdbc.dll+0x7f188]
#
# No core dump will be written. Minidumps are not enabled by default on client versions of Windows
#
# If you would like to submit a bug report, please visit:
#   https://bugreport.java.com/bugreport/crash.jsp
# The crash happened outside the Java Virtual Machine in native code.
# See problematic frame for where to report the bug.
#

---------------  S U M M A R Y ------------

Command Line: -Dfile.encoding=UTF-8 --module-path=C:\Users\josel\OneDrive\Documentos\NetBeansProjects\JoseLuisEspinozaSanchez\build\classes joseluisespinozasanchez.JoseLuisEspinozaSanchez

Host: Intel(R) Core(TM) i5-4200M CPU @ 2.50GHz, 4 cores, 7G,  Windows 10 , 64 bit Build 19041 (10.0.19041.3636)
Time: Fri Jun 14 15:10:52 2024 Hora estándar central (México) elapsed time: 0.880110 seconds (0d 0h 0m 0s)

---------------  T H R E A D  ---------------

Current thread (0x000002549a32b6d0):  JavaThread "Thread-2"         [_thread_in_native, id=14588, stack(0x000000f329f00000,0x000000f32a000000) (1024K)]

Stack: [0x000000f329f00000,0x000000f32a000000],  sp=0x000000f329ffe8e0,  free space=1018k
Native frames: (J=compiled Java code, j=interpreted, Vv=VM code, C=native code)

Java frames: (J=compiled Java code, j=interpreted, Vv=VM code)
j  org.sqlite.core.NativeDB.prepare(Ljava/lang/String;)J+0
j  org.sqlite.core.DB.prepare(Lorg/sqlite/core/CoreStatement;)V+21
j  org.sqlite.core.CorePreparedStatement.<init>(Lorg/sqlite/SQLiteConnection;Ljava/lang/String;)V+15
j  org.sqlite.jdbc3.JDBC3PreparedStatement.<init>(Lorg/sqlite/SQLiteConnection;Ljava/lang/String;)V+3
j  org.sqlite.jdbc4.JDBC4PreparedStatement.<init>(Lorg/sqlite/SQLiteConnection;Ljava/lang/String;)V+3
j  org.sqlite.jdbc4.JDBC4Connection.prepareStatement(Ljava/lang/String;III)Ljava/sql/PreparedStatement;+21
j  org.sqlite.jdbc3.JDBC3Connection.prepareStatement(Ljava/lang/String;II)Ljava/sql/PreparedStatement;+5
j  org.sqlite.jdbc3.JDBC3Connection.prepareStatement(Ljava/lang/String;)Ljava/sql/PreparedStatement;+8
j  conexion.Conexion.consultarRegistro(Ljava/lang/String;)Ljava/sql/ResultSet;+5
j  joseluisespinozasanchez.GestorTareasGUI.compurebaTareas24H()V+16
j  joseluisespinozasanchez.GestorTareasGUI.run()V+87
j  java.lang.Thread.runWith(Ljava/lang/Object;Ljava/lang/Runnable;)V+5 java.base@21.0.2
j  java.lang.Thread.run()V+19 java.base@21.0.2
v  ~StubRoutines::call_stub 0x0000025446cf100d

siginfo: EXCEPTION_ACCESS_VIOLATION (0xc0000005), data execution prevention violation at address 0x0000000000000000


Registers:
RAX=0x0000000000000001, RBX=0x000002549b669ac8, RCX=0x000002549b657ec8, RDX=0x000002549a3ad1d0
RSP=0x000000f329ffe8d8, RBP=0x0000000000000000, RSI=0x000000f329ffe9f8, RDI=0x000002549a3ad1d0
R8 =0x00000000ffffffff, R9 =0x0000000000000001, R10=0x000002549a3ad1e4, R11=0x000002549a3ad1d0
R12=0x0000000000000000, R13=0x0000000000000001, R14=0x00000000ffffffff, R15=0x000002549a32b6d0
RIP=0x0000000000000000, EFLAGS=0x0000000000010202


Register to memory mapping:

RAX=0x0000000000000001 is an unknown value
RBX=0x000002549b669ac8 points into unknown readable memory: 0x000000006d618c60 | 60 8c 61 6d 00 00 00 00
RCX=0x000002549b657ec8 points into unknown readable memory: 0xffffffffffffffff | ff ff ff ff ff ff ff ff
RDX=0x000002549a3ad1d0 points into unknown readable memory: 0x2a205443454c4553 | 53 45 4c 45 43 54 20 2a
RSP=0x000000f329ffe8d8 is pointing into the stack for thread: 0x000002549a32b6d0
RBP=0x0 is null
RSI=0x000000f329ffe9f8 is pointing into the stack for thread: 0x000002549a32b6d0
RDI=0x000002549a3ad1d0 points into unknown readable memory: 0x2a205443454c4553 | 53 45 4c 45 43 54 20 2a
R8 =0x00000000ffffffff is an unallocated location in the heap
R9 =0x0000000000000001 is an unknown value
R10=0x000002549a3ad1e4 points into unknown readable memory: 00 00 00 00
R11=0x000002549a3ad1d0 points into unknown readable memory: 0x2a205443454c4553 | 53 45 4c 45 43 54 20 2a
R12=0x0 is null
R13=0x0000000000000001 is an unknown value
R14=0x00000000ffffffff is an unallocated location in the heap
R15=0x000002549a32b6d0 is a thread

Top of Stack: (sp=0x000000f329ffe8d8)
0x000000f329ffe8d8:   00000000008cf188 0000000000000001
0x000000f329ffe8e8:   0000000000000015 0000000088743348
0x000000f329ffe8f8:   000000000000000d 0000000000000006
0x000000f329ffe908:   00007ffa4d3f0e7c 000002549916db68
0x000000f329ffe918:   00000254990fde10 00000254990fde10
0x000000f329ffe928:   000002549a32ba88 000000f329ffeae0
0x000000f329ffe938:   000002549a3ad1d0 000000f329ffeae8
0x000000f329ffe948:   000002549b669ac8 0000025495711628
0x000000f329ffe958:   000000f329ffeae8 000002549a32b6d0
0x000000f329ffe968:   00000000008cf467 0000d5b488aea8db
0x000000f329ffe978:   0000000000000000 000002549a32b6d0
0x000000f329ffe988:   0000000000000000 0000000000000000
0x000000f329ffe998:   000000f329ffe9f8 0000000000000000
0x000000f329ffe9a8:   000000f329ffeae0 000002549a32ba88
0x000000f329ffe9b8:   000000000085206f 000000f329ffeae8
0x000000f329ffe9c8:   000000f329ffeae8 000002549a32b6d0
0x000000f329ffe9d8:   00007ffa4d3f95cf 0000000000000000
0x000000f329ffe9e8:   000002549a32b6d0 000000000001ae43
0x000000f329ffe9f8:   0000000000000000 0000025495711630
0x000000f329ffea08:   0000000000000000 000000000001ae43
0x000000f329ffea18:   000000f329ffeac0 0000000000000000
0x000000f329ffea28:   0000025446cfda54 0000025495711630
0x000000f329ffea38:   000000f329ffeae8 000000000001ae43
0x000000f329ffea48:   0000025446cfd637 0000025495711630
0x000000f329ffea58:   0000000000000000 000000000001ae43
0x000000f329ffea68:   0000000000000000 00000000888baf18
0x000000f329ffea78:   000000f329ffea68 0000025495711628
0x000000f329ffea88:   0000000000000005 0000025495772c60
0x000000f329ffea98:   0000000000000000 0000000088a4fc90
0x000000f329ffeaa8:   0000025495711630 0000000000000000
0x000000f329ffeab8:   000000f329ffeae0 000000f329ffeb50
0x000000f329ffeac8:   0000025446cf8924 0000000000000000 

Instructions: (pc=0x00000000008cf188)
0x00000000008cf088:   c9 0f 84 62 ff ff ff 48 89 f1 e8 a9 a1 fc ff e9
0x00000000008cf098:   55 ff ff ff 4c 01 fd 48 89 af 18 02 00 00 e9 2e
0x00000000008cf0a8:   fd ff ff 0f 1f 44 00 00 48 89 e9 e8 48 c2 fd ff
0x00000000008cf0b8:   e9 44 fe ff ff 0f 1f 00 c7 47 18 07 00 00 00 be
0x00000000008cf0c8:   07 00 00 00 e9 30 fd ff ff 4c 8d 05 e1 32 02 00
0x00000000008cf0d8:   ba 12 00 00 00 48 89 d9 e8 1b 57 fa ff ba 12 00
0x00000000008cf0e8:   00 00 48 89 d9 e8 de 02 f9 ff 89 c6 e9 56 fe ff
0x00000000008cf0f8:   ff 89 f2 48 89 d9 e8 8d 02 f9 ff e9 3b fe ff ff
0x00000000008cf108:   ba 04 00 00 00 48 89 e9 41 be 0c 00 00 00 e8 95
0x00000000008cf118:   ad f9 ff 41 bd 08 00 00 00 e9 2e fd ff ff 66 2e
0x00000000008cf128:   0f 1f 84 00 00 00 00 00 41 57 41 56 41 55 41 54
0x00000000008cf138:   55 57 56 53 48 83 ec 48 48 8b b4 24 b8 00 00 00
0x00000000008cf148:   48 8b ac 24 b0 00 00 00 48 89 cb 48 89 d7 45 89
0x00000000008cf158:   c6 45 89 cd 4c 8b a4 24 c0 00 00 00 48 c7 06 00
0x00000000008cf168:   00 00 00 e8 70 be fa ff 85 c0 74 6f 48 85 ff 74
0x00000000008cf178:   6a 48 8b 4b 18 48 85 c9 74 06 ff 15 60 91 01 00
0x00000000008cf188:   48 89 d9 e8 e0 2a f9 ff 45 89 e9 45 89 f0 48 89
0x00000000008cf198:   fa 48 89 d9 4c 89 64 24 30 48 89 74 24 28 48 89
0x00000000008cf1a8:   6c 24 20 e8 00 fb ff ff 83 f8 11 41 89 c7 74 48
0x00000000008cf1b8:   48 89 d9 e8 30 2b f9 ff 48 8b 4b 18 48 85 c9 74
0x00000000008cf1c8:   06 ff 15 29 91 01 00 44 89 f8 48 83 c4 48 5b 5e
0x00000000008cf1d8:   5f 5d 41 5c 41 5d 41 5e 41 5f c3 b9 b3 a3 01 00
0x00000000008cf1e8:   48 83 c4 48 5b 5e 5f 5d 41 5c 41 5d 41 5e 41 5f
0x00000000008cf1f8:   e9 23 b0 fa ff 0f 1f 00 48 8b 0e e8 b8 c2 fd ff
0x00000000008cf208:   45 89 e9 45 89 f0 48 89 fa 48 89 d9 4c 89 64 24
0x00000000008cf218:   30 48 89 74 24 28 48 89 6c 24 20 e8 88 fa ff ff
0x00000000008cf228:   41 89 c7 eb 8b 0f 1f 00 41 56 41 55 41 54 55 57
0x00000000008cf238:   56 53 48 83 ec 60 4c 8b a4 24 c0 00 00 00 48 8b
0x00000000008cf248:   ac 24 c8 00 00 00 48 89 ce 48 89 d3 44 89 c7 45
0x00000000008cf258:   89 cd 48 c7 44 24 58 00 00 00 00 49 c7 04 24 00
0x00000000008cf268:   00 00 00 e8 70 bd fa ff 85 c0 0f 84 d8 00 00 00
0x00000000008cf278:   48 85 db 0f 84 cf 00 00 00 83 ff 00 41 89 fe 7c 


Stack slot to memory mapping:

stack at sp + 0 slots: 0x0000000000000001 is an unknown value
stack at sp + 1 slots: 0x0000000000000015 is an unknown value
stack at sp + 2 slots: 0x0000000088743348 is an oop: [B 
{0x0000000088743348} - klass: {type array byte}
 - length: 20
stack at sp + 3 slots: 0x000000000000000d is an unknown value
stack at sp + 4 slots: 0x0000000000000006 is an unknown value
stack at sp + 5 slots: 0x00007ffa4d3f0e7c jvm.dll
stack at sp + 6 slots: 0x000002549916db68 points into unknown readable memory: 0x00007ffa4d7345b0 | b0 45 73 4d fa 7f 00 00
stack at sp + 7 slots: 0x00000254990fde10 points into unknown readable memory: 0x0000000000000000 | 00 00 00 00 00 00 00 00


---------------  P R O C E S S  ---------------

Threads class SMR info:
_java_thread_list=0x000002549a21daf0, length=19, elements={
0x0000025453be4d00, 0x0000025453be5c20, 0x0000025453be9c90, 0x0000025453bed010,
0x0000025453beda70, 0x0000025453bee4d0, 0x0000025453bf4770, 0x0000025453bfda30,
0x00000254990ec7b0, 0x00000254991ee080, 0x00000254991aa960, 0x00000254993157c0,
0x00000254993297c0, 0x0000025499315e30, 0x00000254993beb70, 0x000002549a324d70,
0x000002549a3285a0, 0x000002549a32b6d0, 0x0000025435a99480
}

Java Threads: ( => current thread )
  0x0000025453be4d00 JavaThread "Reference Handler"          daemon [_thread_blocked, id=10760, stack(0x000000f328e00000,0x000000f328f00000) (1024K)]
  0x0000025453be5c20 JavaThread "Finalizer"                  daemon [_thread_blocked, id=5108, stack(0x000000f328f00000,0x000000f329000000) (1024K)]
  0x0000025453be9c90 JavaThread "Signal Dispatcher"          daemon [_thread_blocked, id=2956, stack(0x000000f329000000,0x000000f329100000) (1024K)]
  0x0000025453bed010 JavaThread "Attach Listener"            daemon [_thread_blocked, id=14664, stack(0x000000f329100000,0x000000f329200000) (1024K)]
  0x0000025453beda70 JavaThread "Service Thread"             daemon [_thread_blocked, id=3388, stack(0x000000f329200000,0x000000f329300000) (1024K)]
  0x0000025453bee4d0 JavaThread "Monitor Deflation Thread"   daemon [_thread_blocked, id=12900, stack(0x000000f329300000,0x000000f329400000) (1024K)]
  0x0000025453bf4770 JavaThread "C2 CompilerThread0"         daemon [_thread_blocked, id=9788, stack(0x000000f329400000,0x000000f329500000) (1024K)]
  0x0000025453bfda30 JavaThread "C1 CompilerThread0"         daemon [_thread_blocked, id=11808, stack(0x000000f329500000,0x000000f329600000) (1024K)]
  0x00000254990ec7b0 JavaThread "Common-Cleaner"             daemon [_thread_blocked, id=5328, stack(0x000000f329600000,0x000000f329700000) (1024K)]
  0x00000254991ee080 JavaThread "Notification Thread"        daemon [_thread_blocked, id=16188, stack(0x000000f329700000,0x000000f329800000) (1024K)]
  0x00000254991aa960 JavaThread "C2 CompilerThread1"         daemon [_thread_blocked, id=3608, stack(0x000000f329800000,0x000000f329900000) (1024K)]
  0x00000254993157c0 JavaThread "Java2D Disposer"            daemon [_thread_blocked, id=15968, stack(0x000000f329900000,0x000000f329a00000) (1024K)]
  0x00000254993297c0 JavaThread "AWT-Shutdown"                      [_thread_blocked, id=5936, stack(0x000000f329a00000,0x000000f329b00000) (1024K)]
  0x0000025499315e30 JavaThread "AWT-Windows"                daemon [_thread_in_native, id=15184, stack(0x000000f329b00000,0x000000f329c00000) (1024K)]
  0x00000254993beb70 JavaThread "AWT-EventQueue-0"                  [_thread_blocked, id=17084, stack(0x000000f329c00000,0x000000f329d00000) (1024K)]
  0x000002549a324d70 JavaThread "Thread-0"                          [_thread_in_native, id=14316, stack(0x000000f329d00000,0x000000f329e00000) (1024K)]
  0x000002549a3285a0 JavaThread "Thread-1"                          [_thread_blocked, id=12692, stack(0x000000f329e00000,0x000000f329f00000) (1024K)]
=>0x000002549a32b6d0 JavaThread "Thread-2"                          [_thread_in_native, id=14588, stack(0x000000f329f00000,0x000000f32a000000) (1024K)]
  0x0000025435a99480 JavaThread "DestroyJavaVM"                     [_thread_blocked, id=7692, stack(0x000000f328600000,0x000000f328700000) (1024K)]
Total: 19

Other Threads:
  0x0000025453bc4130 VMThread "VM Thread"                           [id=13932, stack(0x000000f328d00000,0x000000f328e00000) (1024K)]
  0x0000025453bab110 WatcherThread "VM Periodic Task Thread"        [id=8, stack(0x000000f328c00000,0x000000f328d00000) (1024K)]
  0x0000025435bec400 WorkerThread "GC Thread#0"                     [id=8500, stack(0x000000f328700000,0x000000f328800000) (1024K)]
  0x0000025435bfd220 ConcurrentGCThread "G1 Main Marker"            [id=1216, stack(0x000000f328800000,0x000000f328900000) (1024K)]
  0x0000025435bffbf0 WorkerThread "G1 Conc#0"                       [id=5804, stack(0x000000f328900000,0x000000f328a00000) (1024K)]
  0x0000025453a6c140 ConcurrentGCThread "G1 Refine#0"               [id=12272, stack(0x000000f328a00000,0x000000f328b00000) (1024K)]
  0x0000025453a6c960 ConcurrentGCThread "G1 Service"                [id=16740, stack(0x000000f328b00000,0x000000f328c00000) (1024K)]
Total: 7

Threads with active compile tasks:
Total: 0

VM state: not at safepoint (normal execution)

VM Mutex/Monitor currently owned by a thread: None

Heap address: 0x0000000081400000, size: 2028 MB, Compressed Oops mode: 32-bit

CDS archive(s) mapped at: [0x0000025454000000-0x0000025454c90000-0x0000025454c90000), size 13172736, SharedBaseAddress: 0x0000025454000000, ArchiveRelocationMode: 1.
Compressed class space mapped at: 0x0000025455000000-0x0000025495000000, reserved size: 1073741824
Narrow klass base: 0x0000025454000000, Narrow klass shift: 0, Narrow klass range: 0x100000000

GC Precious Log:
 CardTable entry size: 512
 Card Set container configuration: InlinePtr #cards 5 size 8 Array Of Cards #cards 12 size 40 Howl #buckets 4 coarsen threshold 1843 Howl Bitmap #cards 512 size 80 coarsen threshold 460 Card regions per heap region 1 cards per card region 2048
 CPUs: 4 total, 4 available
 Memory: 8105M
 Large Page Support: Disabled
 NUMA Support: Disabled
 Compressed Oops: Enabled (32-bit)
 Heap Region Size: 1M
 Heap Min Capacity: 8M
 Heap Initial Capacity: 128M
 Heap Max Capacity: 2028M
 Pre-touch: Disabled
 Parallel Workers: 4
 Concurrent Workers: 1
 Concurrent Refinement Workers: 4
 Periodic GC: Disabled

Heap:
 garbage-first heap   total 131072K, used 14336K [0x0000000081400000, 0x0000000100000000)
  region size 1024K, 13 young (13312K), 0 survivors (0K)
 Metaspace       used 9685K, committed 9920K, reserved 1114112K
  class space    used 1062K, committed 1216K, reserved 1048576K

Heap Regions: E=young(eden), S=young(survivor), O=old, HS=humongous(starts), HC=humongous(continues), CS=collection set, F=free, TAMS=top-at-mark-start, PB=parsable bottom
|   0|0x0000000081400000, 0x0000000081500000, 0x0000000081500000|100%|HS|  |TAMS 0x0000000081400000| PB 0x0000000081400000| Complete 
|   1|0x0000000081500000, 0x0000000081600000, 0x0000000081600000|100%|HC|  |TAMS 0x0000000081500000| PB 0x0000000081500000| Complete 
|   2|0x0000000081600000, 0x0000000081600000, 0x0000000081700000|  0%| F|  |TAMS 0x0000000081600000| PB 0x0000000081600000| Untracked 
|   3|0x0000000081700000, 0x0000000081700000, 0x0000000081800000|  0%| F|  |TAMS 0x0000000081700000| PB 0x0000000081700000| Untracked 
|   4|0x0000000081800000, 0x0000000081800000, 0x0000000081900000|  0%| F|  |TAMS 0x0000000081800000| PB 0x0000000081800000| Untracked 
|   5|0x0000000081900000, 0x0000000081900000, 0x0000000081a00000|  0%| F|  |TAMS 0x0000000081900000| PB 0x0000000081900000| Untracked 
|   6|0x0000000081a00000, 0x0000000081a00000, 0x0000000081b00000|  0%| F|  |TAMS 0x0000000081a00000| PB 0x0000000081a00000| Untracked 
|   7|0x0000000081b00000, 0x0000000081b00000, 0x0000000081c00000|  0%| F|  |TAMS 0x0000000081b00000| PB 0x0000000081b00000| Untracked 
|   8|0x0000000081c00000, 0x0000000081c00000, 0x0000000081d00000|  0%| F|  |TAMS 0x0000000081c00000| PB 0x0000000081c00000| Untracked 
|   9|0x0000000081d00000, 0x0000000081d00000, 0x0000000081e00000|  0%| F|  |TAMS 0x0000000081d00000| PB 0x0000000081d00000| Untracked 
|  10|0x0000000081e00000, 0x0000000081e00000, 0x0000000081f00000|  0%| F|  |TAMS 0x0000000081e00000| PB 0x0000000081e00000| Untracked 
|  11|0x0000000081f00000, 0x0000000081f00000, 0x0000000082000000|  0%| F|  |TAMS 0x0000000081f00000| PB 0x0000000081f00000| Untracked 
|  12|0x0000000082000000, 0x0000000082000000, 0x0000000082100000|  0%| F|  |TAMS 0x0000000082000000| PB 0x0000000082000000| Untracked 
|  13|0x0000000082100000, 0x0000000082100000, 0x0000000082200000|  0%| F|  |TAMS 0x0000000082100000| PB 0x0000000082100000| Untracked 
|  14|0x0000000082200000, 0x0000000082200000, 0x0000000082300000|  0%| F|  |TAMS 0x0000000082200000| PB 0x0000000082200000| Untracked 
|  15|0x0000000082300000, 0x0000000082300000, 0x0000000082400000|  0%| F|  |TAMS 0x0000000082300000| PB 0x0000000082300000| Untracked 
|  16|0x0000000082400000, 0x0000000082400000, 0x0000000082500000|  0%| F|  |TAMS 0x0000000082400000| PB 0x0000000082400000| Untracked 
|  17|0x0000000082500000, 0x0000000082500000, 0x0000000082600000|  0%| F|  |TAMS 0x0000000082500000| PB 0x0000000082500000| Untracked 
|  18|0x0000000082600000, 0x0000000082600000, 0x0000000082700000|  0%| F|  |TAMS 0x0000000082600000| PB 0x0000000082600000| Untracked 
|  19|0x0000000082700000, 0x0000000082700000, 0x0000000082800000|  0%| F|  |TAMS 0x0000000082700000| PB 0x0000000082700000| Untracked 
|  20|0x0000000082800000, 0x0000000082800000, 0x0000000082900000|  0%| F|  |TAMS 0x0000000082800000| PB 0x0000000082800000| Untracked 
|  21|0x0000000082900000, 0x0000000082900000, 0x0000000082a00000|  0%| F|  |TAMS 0x0000000082900000| PB 0x0000000082900000| Untracked 
|  22|0x0000000082a00000, 0x0000000082a00000, 0x0000000082b00000|  0%| F|  |TAMS 0x0000000082a00000| PB 0x0000000082a00000| Untracked 
|  23|0x0000000082b00000, 0x0000000082b00000, 0x0000000082c00000|  0%| F|  |TAMS 0x0000000082b00000| PB 0x0000000082b00000| Untracked 
|  24|0x0000000082c00000, 0x0000000082c00000, 0x0000000082d00000|  0%| F|  |TAMS 0x0000000082c00000| PB 0x0000000082c00000| Untracked 
|  25|0x0000000082d00000, 0x0000000082d00000, 0x0000000082e00000|  0%| F|  |TAMS 0x0000000082d00000| PB 0x0000000082d00000| Untracked 
|  26|0x0000000082e00000, 0x0000000082e00000, 0x0000000082f00000|  0%| F|  |TAMS 0x0000000082e00000| PB 0x0000000082e00000| Untracked 
|  27|0x0000000082f00000, 0x0000000082f00000, 0x0000000083000000|  0%| F|  |TAMS 0x0000000082f00000| PB 0x0000000082f00000| Untracked 
|  28|0x0000000083000000, 0x0000000083000000, 0x0000000083100000|  0%| F|  |TAMS 0x0000000083000000| PB 0x0000000083000000| Untracked 
|  29|0x0000000083100000, 0x0000000083100000, 0x0000000083200000|  0%| F|  |TAMS 0x0000000083100000| PB 0x0000000083100000| Untracked 
|  30|0x0000000083200000, 0x0000000083200000, 0x0000000083300000|  0%| F|  |TAMS 0x0000000083200000| PB 0x0000000083200000| Untracked 
|  31|0x0000000083300000, 0x0000000083300000, 0x0000000083400000|  0%| F|  |TAMS 0x0000000083300000| PB 0x0000000083300000| Untracked 
|  32|0x0000000083400000, 0x0000000083400000, 0x0000000083500000|  0%| F|  |TAMS 0x0000000083400000| PB 0x0000000083400000| Untracked 
|  33|0x0000000083500000, 0x0000000083500000, 0x0000000083600000|  0%| F|  |TAMS 0x0000000083500000| PB 0x0000000083500000| Untracked 
|  34|0x0000000083600000, 0x0000000083600000, 0x0000000083700000|  0%| F|  |TAMS 0x0000000083600000| PB 0x0000000083600000| Untracked 
|  35|0x0000000083700000, 0x0000000083700000, 0x0000000083800000|  0%| F|  |TAMS 0x0000000083700000| PB 0x0000000083700000| Untracked 
|  36|0x0000000083800000, 0x0000000083800000, 0x0000000083900000|  0%| F|  |TAMS 0x0000000083800000| PB 0x0000000083800000| Untracked 
|  37|0x0000000083900000, 0x0000000083900000, 0x0000000083a00000|  0%| F|  |TAMS 0x0000000083900000| PB 0x0000000083900000| Untracked 
|  38|0x0000000083a00000, 0x0000000083a00000, 0x0000000083b00000|  0%| F|  |TAMS 0x0000000083a00000| PB 0x0000000083a00000| Untracked 
|  39|0x0000000083b00000, 0x0000000083b00000, 0x0000000083c00000|  0%| F|  |TAMS 0x0000000083b00000| PB 0x0000000083b00000| Untracked 
|  40|0x0000000083c00000, 0x0000000083c00000, 0x0000000083d00000|  0%| F|  |TAMS 0x0000000083c00000| PB 0x0000000083c00000| Untracked 
|  41|0x0000000083d00000, 0x0000000083d00000, 0x0000000083e00000|  0%| F|  |TAMS 0x0000000083d00000| PB 0x0000000083d00000| Untracked 
|  42|0x0000000083e00000, 0x0000000083e00000, 0x0000000083f00000|  0%| F|  |TAMS 0x0000000083e00000| PB 0x0000000083e00000| Untracked 
|  43|0x0000000083f00000, 0x0000000083f00000, 0x0000000084000000|  0%| F|  |TAMS 0x0000000083f00000| PB 0x0000000083f00000| Untracked 
|  44|0x0000000084000000, 0x0000000084000000, 0x0000000084100000|  0%| F|  |TAMS 0x0000000084000000| PB 0x0000000084000000| Untracked 
|  45|0x0000000084100000, 0x0000000084100000, 0x0000000084200000|  0%| F|  |TAMS 0x0000000084100000| PB 0x0000000084100000| Untracked 
|  46|0x0000000084200000, 0x0000000084200000, 0x0000000084300000|  0%| F|  |TAMS 0x0000000084200000| PB 0x0000000084200000| Untracked 
|  47|0x0000000084300000, 0x0000000084300000, 0x0000000084400000|  0%| F|  |TAMS 0x0000000084300000| PB 0x0000000084300000| Untracked 
|  48|0x0000000084400000, 0x0000000084400000, 0x0000000084500000|  0%| F|  |TAMS 0x0000000084400000| PB 0x0000000084400000| Untracked 
|  49|0x0000000084500000, 0x0000000084500000, 0x0000000084600000|  0%| F|  |TAMS 0x0000000084500000| PB 0x0000000084500000| Untracked 
|  50|0x0000000084600000, 0x0000000084600000, 0x0000000084700000|  0%| F|  |TAMS 0x0000000084600000| PB 0x0000000084600000| Untracked 
|  51|0x0000000084700000, 0x0000000084700000, 0x0000000084800000|  0%| F|  |TAMS 0x0000000084700000| PB 0x0000000084700000| Untracked 
|  52|0x0000000084800000, 0x0000000084800000, 0x0000000084900000|  0%| F|  |TAMS 0x0000000084800000| PB 0x0000000084800000| Untracked 
|  53|0x0000000084900000, 0x0000000084900000, 0x0000000084a00000|  0%| F|  |TAMS 0x0000000084900000| PB 0x0000000084900000| Untracked 
|  54|0x0000000084a00000, 0x0000000084a00000, 0x0000000084b00000|  0%| F|  |TAMS 0x0000000084a00000| PB 0x0000000084a00000| Untracked 
|  55|0x0000000084b00000, 0x0000000084b00000, 0x0000000084c00000|  0%| F|  |TAMS 0x0000000084b00000| PB 0x0000000084b00000| Untracked 
|  56|0x0000000084c00000, 0x0000000084c00000, 0x0000000084d00000|  0%| F|  |TAMS 0x0000000084c00000| PB 0x0000000084c00000| Untracked 
|  57|0x0000000084d00000, 0x0000000084d00000, 0x0000000084e00000|  0%| F|  |TAMS 0x0000000084d00000| PB 0x0000000084d00000| Untracked 
|  58|0x0000000084e00000, 0x0000000084e00000, 0x0000000084f00000|  0%| F|  |TAMS 0x0000000084e00000| PB 0x0000000084e00000| Untracked 
|  59|0x0000000084f00000, 0x0000000084f00000, 0x0000000085000000|  0%| F|  |TAMS 0x0000000084f00000| PB 0x0000000084f00000| Untracked 
|  60|0x0000000085000000, 0x0000000085000000, 0x0000000085100000|  0%| F|  |TAMS 0x0000000085000000| PB 0x0000000085000000| Untracked 
|  61|0x0000000085100000, 0x0000000085100000, 0x0000000085200000|  0%| F|  |TAMS 0x0000000085100000| PB 0x0000000085100000| Untracked 
|  62|0x0000000085200000, 0x0000000085200000, 0x0000000085300000|  0%| F|  |TAMS 0x0000000085200000| PB 0x0000000085200000| Untracked 
|  63|0x0000000085300000, 0x0000000085300000, 0x0000000085400000|  0%| F|  |TAMS 0x0000000085300000| PB 0x0000000085300000| Untracked 
|  64|0x0000000085400000, 0x0000000085400000, 0x0000000085500000|  0%| F|  |TAMS 0x0000000085400000| PB 0x0000000085400000| Untracked 
|  65|0x0000000085500000, 0x0000000085500000, 0x0000000085600000|  0%| F|  |TAMS 0x0000000085500000| PB 0x0000000085500000| Untracked 
|  66|0x0000000085600000, 0x0000000085600000, 0x0000000085700000|  0%| F|  |TAMS 0x0000000085600000| PB 0x0000000085600000| Untracked 
|  67|0x0000000085700000, 0x0000000085700000, 0x0000000085800000|  0%| F|  |TAMS 0x0000000085700000| PB 0x0000000085700000| Untracked 
|  68|0x0000000085800000, 0x0000000085800000, 0x0000000085900000|  0%| F|  |TAMS 0x0000000085800000| PB 0x0000000085800000| Untracked 
|  69|0x0000000085900000, 0x0000000085900000, 0x0000000085a00000|  0%| F|  |TAMS 0x0000000085900000| PB 0x0000000085900000| Untracked 
|  70|0x0000000085a00000, 0x0000000085a00000, 0x0000000085b00000|  0%| F|  |TAMS 0x0000000085a00000| PB 0x0000000085a00000| Untracked 
|  71|0x0000000085b00000, 0x0000000085b00000, 0x0000000085c00000|  0%| F|  |TAMS 0x0000000085b00000| PB 0x0000000085b00000| Untracked 
|  72|0x0000000085c00000, 0x0000000085c00000, 0x0000000085d00000|  0%| F|  |TAMS 0x0000000085c00000| PB 0x0000000085c00000| Untracked 
|  73|0x0000000085d00000, 0x0000000085d00000, 0x0000000085e00000|  0%| F|  |TAMS 0x0000000085d00000| PB 0x0000000085d00000| Untracked 
|  74|0x0000000085e00000, 0x0000000085e00000, 0x0000000085f00000|  0%| F|  |TAMS 0x0000000085e00000| PB 0x0000000085e00000| Untracked 
|  75|0x0000000085f00000, 0x0000000085f00000, 0x0000000086000000|  0%| F|  |TAMS 0x0000000085f00000| PB 0x0000000085f00000| Untracked 
|  76|0x0000000086000000, 0x0000000086000000, 0x0000000086100000|  0%| F|  |TAMS 0x0000000086000000| PB 0x0000000086000000| Untracked 
|  77|0x0000000086100000, 0x0000000086100000, 0x0000000086200000|  0%| F|  |TAMS 0x0000000086100000| PB 0x0000000086100000| Untracked 
|  78|0x0000000086200000, 0x0000000086200000, 0x0000000086300000|  0%| F|  |TAMS 0x0000000086200000| PB 0x0000000086200000| Untracked 
|  79|0x0000000086300000, 0x0000000086300000, 0x0000000086400000|  0%| F|  |TAMS 0x0000000086300000| PB 0x0000000086300000| Untracked 
|  80|0x0000000086400000, 0x0000000086400000, 0x0000000086500000|  0%| F|  |TAMS 0x0000000086400000| PB 0x0000000086400000| Untracked 
|  81|0x0000000086500000, 0x0000000086500000, 0x0000000086600000|  0%| F|  |TAMS 0x0000000086500000| PB 0x0000000086500000| Untracked 
|  82|0x0000000086600000, 0x0000000086600000, 0x0000000086700000|  0%| F|  |TAMS 0x0000000086600000| PB 0x0000000086600000| Untracked 
|  83|0x0000000086700000, 0x0000000086700000, 0x0000000086800000|  0%| F|  |TAMS 0x0000000086700000| PB 0x0000000086700000| Untracked 
|  84|0x0000000086800000, 0x0000000086800000, 0x0000000086900000|  0%| F|  |TAMS 0x0000000086800000| PB 0x0000000086800000| Untracked 
|  85|0x0000000086900000, 0x0000000086900000, 0x0000000086a00000|  0%| F|  |TAMS 0x0000000086900000| PB 0x0000000086900000| Untracked 
|  86|0x0000000086a00000, 0x0000000086a00000, 0x0000000086b00000|  0%| F|  |TAMS 0x0000000086a00000| PB 0x0000000086a00000| Untracked 
|  87|0x0000000086b00000, 0x0000000086b00000, 0x0000000086c00000|  0%| F|  |TAMS 0x0000000086b00000| PB 0x0000000086b00000| Untracked 
|  88|0x0000000086c00000, 0x0000000086c00000, 0x0000000086d00000|  0%| F|  |TAMS 0x0000000086c00000| PB 0x0000000086c00000| Untracked 
|  89|0x0000000086d00000, 0x0000000086d00000, 0x0000000086e00000|  0%| F|  |TAMS 0x0000000086d00000| PB 0x0000000086d00000| Untracked 
|  90|0x0000000086e00000, 0x0000000086e00000, 0x0000000086f00000|  0%| F|  |TAMS 0x0000000086e00000| PB 0x0000000086e00000| Untracked 
|  91|0x0000000086f00000, 0x0000000086f00000, 0x0000000087000000|  0%| F|  |TAMS 0x0000000086f00000| PB 0x0000000086f00000| Untracked 
|  92|0x0000000087000000, 0x0000000087000000, 0x0000000087100000|  0%| F|  |TAMS 0x0000000087000000| PB 0x0000000087000000| Untracked 
|  93|0x0000000087100000, 0x0000000087100000, 0x0000000087200000|  0%| F|  |TAMS 0x0000000087100000| PB 0x0000000087100000| Untracked 
|  94|0x0000000087200000, 0x0000000087200000, 0x0000000087300000|  0%| F|  |TAMS 0x0000000087200000| PB 0x0000000087200000| Untracked 
|  95|0x0000000087300000, 0x0000000087300000, 0x0000000087400000|  0%| F|  |TAMS 0x0000000087300000| PB 0x0000000087300000| Untracked 
|  96|0x0000000087400000, 0x0000000087400000, 0x0000000087500000|  0%| F|  |TAMS 0x0000000087400000| PB 0x0000000087400000| Untracked 
|  97|0x0000000087500000, 0x0000000087500000, 0x0000000087600000|  0%| F|  |TAMS 0x0000000087500000| PB 0x0000000087500000| Untracked 
|  98|0x0000000087600000, 0x0000000087600000, 0x0000000087700000|  0%| F|  |TAMS 0x0000000087600000| PB 0x0000000087600000| Untracked 
|  99|0x0000000087700000, 0x0000000087700000, 0x0000000087800000|  0%| F|  |TAMS 0x0000000087700000| PB 0x0000000087700000| Untracked 
| 100|0x0000000087800000, 0x0000000087800000, 0x0000000087900000|  0%| F|  |TAMS 0x0000000087800000| PB 0x0000000087800000| Untracked 
| 101|0x0000000087900000, 0x0000000087900000, 0x0000000087a00000|  0%| F|  |TAMS 0x0000000087900000| PB 0x0000000087900000| Untracked 
| 102|0x0000000087a00000, 0x0000000087a00000, 0x0000000087b00000|  0%| F|  |TAMS 0x0000000087a00000| PB 0x0000000087a00000| Untracked 
| 103|0x0000000087b00000, 0x0000000087b00000, 0x0000000087c00000|  0%| F|  |TAMS 0x0000000087b00000| PB 0x0000000087b00000| Untracked 
| 104|0x0000000087c00000, 0x0000000087c00000, 0x0000000087d00000|  0%| F|  |TAMS 0x0000000087c00000| PB 0x0000000087c00000| Untracked 
| 105|0x0000000087d00000, 0x0000000087d00000, 0x0000000087e00000|  0%| F|  |TAMS 0x0000000087d00000| PB 0x0000000087d00000| Untracked 
| 106|0x0000000087e00000, 0x0000000087e00000, 0x0000000087f00000|  0%| F|  |TAMS 0x0000000087e00000| PB 0x0000000087e00000| Untracked 
| 107|0x0000000087f00000, 0x0000000087f00000, 0x0000000088000000|  0%| F|  |TAMS 0x0000000087f00000| PB 0x0000000087f00000| Untracked 
| 108|0x0000000088000000, 0x0000000088000000, 0x0000000088100000|  0%| F|  |TAMS 0x0000000088000000| PB 0x0000000088000000| Untracked 
| 109|0x0000000088100000, 0x0000000088100000, 0x0000000088200000|  0%| F|  |TAMS 0x0000000088100000| PB 0x0000000088100000| Untracked 
| 110|0x0000000088200000, 0x0000000088200000, 0x0000000088300000|  0%| F|  |TAMS 0x0000000088200000| PB 0x0000000088200000| Untracked 
| 111|0x0000000088300000, 0x0000000088300000, 0x0000000088400000|  0%| F|  |TAMS 0x0000000088300000| PB 0x0000000088300000| Untracked 
| 112|0x0000000088400000, 0x0000000088400000, 0x0000000088500000|  0%| F|  |TAMS 0x0000000088400000| PB 0x0000000088400000| Untracked 
| 113|0x0000000088500000, 0x0000000088500000, 0x0000000088600000|  0%| F|  |TAMS 0x0000000088500000| PB 0x0000000088500000| Untracked 
| 114|0x0000000088600000, 0x0000000088600000, 0x0000000088700000|  0%| F|  |TAMS 0x0000000088600000| PB 0x0000000088600000| Untracked 
| 115|0x0000000088700000, 0x0000000088787630, 0x0000000088800000| 52%| E|  |TAMS 0x0000000088700000| PB 0x0000000088700000| Complete 
| 116|0x0000000088800000, 0x0000000088900000, 0x0000000088900000|100%| E|CS|TAMS 0x0000000088800000| PB 0x0000000088800000| Complete 
| 117|0x0000000088900000, 0x0000000088a00000, 0x0000000088a00000|100%| E|CS|TAMS 0x0000000088900000| PB 0x0000000088900000| Complete 
| 118|0x0000000088a00000, 0x0000000088b00000, 0x0000000088b00000|100%| E|CS|TAMS 0x0000000088a00000| PB 0x0000000088a00000| Complete 
| 119|0x0000000088b00000, 0x0000000088c00000, 0x0000000088c00000|100%| E|CS|TAMS 0x0000000088b00000| PB 0x0000000088b00000| Complete 
| 120|0x0000000088c00000, 0x0000000088d00000, 0x0000000088d00000|100%| E|CS|TAMS 0x0000000088c00000| PB 0x0000000088c00000| Complete 
| 121|0x0000000088d00000, 0x0000000088e00000, 0x0000000088e00000|100%| E|CS|TAMS 0x0000000088d00000| PB 0x0000000088d00000| Complete 
| 122|0x0000000088e00000, 0x0000000088f00000, 0x0000000088f00000|100%| E|CS|TAMS 0x0000000088e00000| PB 0x0000000088e00000| Complete 
| 123|0x0000000088f00000, 0x0000000089000000, 0x0000000089000000|100%| E|CS|TAMS 0x0000000088f00000| PB 0x0000000088f00000| Complete 
| 124|0x0000000089000000, 0x0000000089100000, 0x0000000089100000|100%| E|CS|TAMS 0x0000000089000000| PB 0x0000000089000000| Complete 
| 125|0x0000000089100000, 0x0000000089200000, 0x0000000089200000|100%| E|CS|TAMS 0x0000000089100000| PB 0x0000000089100000| Complete 
| 126|0x0000000089200000, 0x0000000089300000, 0x0000000089300000|100%| E|CS|TAMS 0x0000000089200000| PB 0x0000000089200000| Complete 
| 127|0x0000000089300000, 0x0000000089400000, 0x0000000089400000|100%| E|CS|TAMS 0x0000000089300000| PB 0x0000000089300000| Complete 

Card table byte_map: [0x000002544f1e0000,0x000002544f5e0000] _byte_map_base: 0x000002544edd6000

Marking Bits: (CMBitMap*) 0x0000025435beca10
 Bits: [0x000002544f5e0000, 0x0000025451590000)

Polling page: 0x0000025435a20000

Metaspace:

Usage:
  Non-class:      8.42 MB used.
      Class:      1.04 MB used.
       Both:      9.46 MB used.

Virtual space:
  Non-class space:       64.00 MB reserved,       8.50 MB ( 13%) committed,  1 nodes.
      Class space:        1.00 GB reserved,       1.19 MB ( <1%) committed,  1 nodes.
             Both:        1.06 GB reserved,       9.69 MB ( <1%) committed. 

Chunk freelists:
   Non-Class:  6.81 MB
       Class:  14.73 MB
        Both:  21.54 MB

MaxMetaspaceSize: unlimited
CompressedClassSpaceSize: 1.00 GB
Initial GC threshold: 21.00 MB
Current GC threshold: 21.00 MB
CDS: on
 - commit_granule_bytes: 65536.
 - commit_granule_words: 8192.
 - virtual_space_node_default_size: 8388608.
 - enlarge_chunks_in_place: 1.
 - use_allocation_guard: 0.


Internal statistics:

num_allocs_failed_limit: 0.
num_arena_births: 166.
num_arena_deaths: 0.
num_vsnodes_births: 2.
num_vsnodes_deaths: 0.
num_space_committed: 155.
num_space_uncommitted: 0.
num_chunks_returned_to_freelist: 0.
num_chunks_taken_from_freelist: 258.
num_chunk_merges: 0.
num_chunk_splits: 153.
num_chunks_enlarged: 69.
num_inconsistent_stats: 0.

CodeHeap 'non-profiled nmethods': size=120000Kb used=398Kb max_used=398Kb free=119601Kb
 bounds [0x0000025447290000, 0x0000025447500000, 0x000002544e7c0000]
CodeHeap 'profiled nmethods': size=120000Kb used=2035Kb max_used=2035Kb free=117964Kb
 bounds [0x000002543f7c0000, 0x000002543fa30000, 0x0000025446cf0000]
CodeHeap 'non-nmethods': size=5760Kb used=1538Kb max_used=1566Kb free=4221Kb
 bounds [0x0000025446cf0000, 0x0000025446f60000, 0x0000025447290000]
 total_blobs=1914 nmethods=1305 adapters=514
 compilation: enabled
              stopped_count=0, restarted_count=0
 full_count=0

Compilation events (20 events):
Event: 0.837 Thread 0x0000025453bfda30 1297       3       java.io.BufferedInputStream::getInIfOpen (21 bytes)
Event: 0.837 Thread 0x0000025453bfda30 nmethod 1297 0x000002543f9b9610 code [0x000002543f9b97c0, 0x000002543f9b99d0]
Event: 0.854 Thread 0x0000025453bf4770 1298       4       java.util.ArrayList::add (25 bytes)
Event: 0.855 Thread 0x0000025453bfda30 1299       3       java.util.zip.ZipFile$ZipFileInflaterInputStream::fill (80 bytes)
Event: 0.855 Thread 0x0000025453bfda30 nmethod 1299 0x000002543f9b9a90 code [0x000002543f9b9c80, 0x000002543f9ba010]
Event: 0.855 Thread 0x0000025453bfda30 1300   !   3       java.util.zip.ZipFile$ZipFileInputStream::read (135 bytes)
Event: 0.856 Thread 0x0000025453bfda30 nmethod 1300 0x000002543f9ba190 code [0x000002543f9ba3c0, 0x000002543f9baa70]
Event: 0.856 Thread 0x0000025453bfda30 1301   !   3       java.util.zip.ZipFile$Source::readAt (39 bytes)
Event: 0.856 Thread 0x0000025453bfda30 nmethod 1301 0x000002543f9bae10 code [0x000002543f9bafe0, 0x000002543f9bb320]
Event: 0.857 Thread 0x0000025453bf4770 nmethod 1298 0x00000254472f3210 code [0x00000254472f33c0, 0x00000254472f3620]
Event: 0.858 Thread 0x0000025453bfda30 1302       3       java.lang.CharacterDataLatin1::equalsIgnoreCase (63 bytes)
Event: 0.858 Thread 0x0000025453bfda30 nmethod 1302 0x000002543f9bb590 code [0x000002543f9bb740, 0x000002543f9bba38]
Event: 0.858 Thread 0x0000025453bfda30 1303       3       java.util.zip.ZipUtils::CENFLG (9 bytes)
Event: 0.858 Thread 0x0000025453bfda30 nmethod 1303 0x000002543f9bbb10 code [0x000002543f9bbcc0, 0x000002543f9bbe68]
Event: 0.859 Thread 0x0000025453bfda30 1304       1       java.net.URL::getRef (5 bytes)
Event: 0.859 Thread 0x0000025453bfda30 nmethod 1304 0x00000254472f3790 code [0x00000254472f3920, 0x00000254472f39e8]
Event: 0.863 Thread 0x0000025453bfda30 1305       3       java.util.regex.Pattern::next (33 bytes)
Event: 0.863 Thread 0x0000025453bfda30 nmethod 1305 0x000002543f9bbf90 code [0x000002543f9bc140, 0x000002543f9bc3a8]
Event: 0.864 Thread 0x0000025453bfda30 1306       3       java.util.concurrent.locks.AbstractQueuedSynchronizer::signalNext (34 bytes)
Event: 0.865 Thread 0x0000025453bfda30 nmethod 1306 0x000002543f9bc510 code [0x000002543f9bc700, 0x000002543f9bcbb0]

GC Heap History (0 events):
No events

Dll operation events (11 events):
Event: 0.009 Loaded shared library C:\Program Files\Java\jdk-21\bin\java.dll
Event: 0.054 Loaded shared library C:\Program Files\Java\jdk-21\bin\jsvml.dll
Event: 0.090 Loaded shared library C:\Program Files\Java\jdk-21\bin\net.dll
Event: 0.092 Loaded shared library C:\Program Files\Java\jdk-21\bin\nio.dll
Event: 0.118 Loaded shared library C:\Program Files\Java\jdk-21\bin\zip.dll
Event: 0.137 Loaded shared library C:\Program Files\Java\jdk-21\bin\jimage.dll
Event: 0.156 Loaded shared library C:\Program Files\Java\jdk-21\bin\awt.dll
Event: 0.387 Loaded shared library C:\Program Files\Java\jdk-21\bin\freetype.dll
Event: 0.388 Loaded shared library C:\Program Files\Java\jdk-21\bin\fontmanager.dll
Event: 0.853 Loaded shared library C:\Users\josel\AppData\Local\Temp\sqlite-3.8.11.2-8a3dbcc6-d8ef-48d8-9653-2a04be8c577e-sqlitejdbc.dll
Event: 0.861 Loaded shared library C:\Users\josel\AppData\Local\Temp\sqlite-3.8.11.2-3d62ecce-0905-4d94-abfb-b9ea535ef9e7-sqlitejdbc.dll

Deoptimization events (20 events):
Event: 0.848 Thread 0x000002549a324d70 Uncommon trap: trap_request=0xffffff45 fr.pc=0x00000254472f2000 relative=0x0000000000000b00
Event: 0.848 Thread 0x000002549a324d70 Uncommon trap: reason=unstable_if action=reinterpret pc=0x00000254472f2000 method=org.sqlite.SQLiteJDBCLoader.contentsEquals(Ljava/io/InputStream;Ljava/io/InputStream;)Z @ 39 c2
Event: 0.848 Thread 0x000002549a324d70 DEOPT PACKING pc=0x00000254472f2000 sp=0x000000f329dfedd0
Event: 0.848 Thread 0x000002549a324d70 DEOPT UNPACKING pc=0x0000025446d446a2 sp=0x000000f329dfedc8 mode 2
Event: 0.851 Thread 0x000002549a32b6d0 Uncommon trap: trap_request=0xffffff45 fr.pc=0x00000254472f2000 relative=0x0000000000000b00
Event: 0.851 Thread 0x000002549a32b6d0 Uncommon trap: reason=unstable_if action=reinterpret pc=0x00000254472f2000 method=org.sqlite.SQLiteJDBCLoader.contentsEquals(Ljava/io/InputStream;Ljava/io/InputStream;)Z @ 39 c2
Event: 0.851 Thread 0x000002549a32b6d0 DEOPT PACKING pc=0x00000254472f2000 sp=0x000000f329ffe730
Event: 0.851 Thread 0x000002549a32b6d0 DEOPT UNPACKING pc=0x0000025446d446a2 sp=0x000000f329ffe728 mode 2
Event: 0.864 Thread 0x000002549a32b6d0 Uncommon trap: trap_request=0xffffff45 fr.pc=0x00000254472ee478 relative=0x0000000000000158
Event: 0.864 Thread 0x000002549a32b6d0 Uncommon trap: reason=unstable_if action=reinterpret pc=0x00000254472ee478 method=java.util.concurrent.locks.ReentrantLock$NonfairSync.initialTryLock()Z @ 10 c2
Event: 0.864 Thread 0x000002549a32b6d0 DEOPT PACKING pc=0x00000254472ee478 sp=0x000000f329ffec80
Event: 0.864 Thread 0x000002549a32b6d0 DEOPT UNPACKING pc=0x0000025446d446a2 sp=0x000000f329ffec28 mode 2
Event: 0.864 Thread 0x000002549a324d70 Uncommon trap: trap_request=0xffffff45 fr.pc=0x00000254472ee7ec relative=0x00000000000000cc
Event: 0.864 Thread 0x000002549a324d70 Uncommon trap: reason=unstable_if action=reinterpret pc=0x00000254472ee7ec method=java.util.concurrent.locks.ReentrantLock$Sync.tryRelease(I)Z @ 26 c2
Event: 0.864 Thread 0x000002549a324d70 DEOPT PACKING pc=0x00000254472ee7ec sp=0x000000f329dff010
Event: 0.864 Thread 0x000002549a324d70 DEOPT UNPACKING pc=0x0000025446d446a2 sp=0x000000f329dfefb0 mode 2
Event: 0.864 Thread 0x000002549a324d70 Uncommon trap: trap_request=0xffffff45 fr.pc=0x00000254472ee064 relative=0x0000000000000044
Event: 0.864 Thread 0x000002549a324d70 Uncommon trap: reason=unstable_if action=reinterpret pc=0x00000254472ee064 method=java.util.concurrent.locks.AbstractQueuedSynchronizer.signalNext(Ljava/util/concurrent/locks/AbstractQueuedSynchronizer$Node;)V @ 10 c2
Event: 0.864 Thread 0x000002549a324d70 DEOPT PACKING pc=0x00000254472ee064 sp=0x000000f329dff350
Event: 0.864 Thread 0x000002549a324d70 DEOPT UNPACKING pc=0x0000025446d446a2 sp=0x000000f329dff2d0 mode 2

Classes loaded (20 events):
Event: 0.756 Loading class sun/security/provider/SHA2$SHA256
Event: 0.756 Loading class sun/security/provider/SHA2
Event: 0.756 Loading class sun/security/provider/SHA2 done
Event: 0.756 Loading class sun/security/provider/SHA2$SHA256 done
Event: 0.774 Loading class java/io/DeleteOnExitHook
Event: 0.774 Loading class java/io/DeleteOnExitHook done
Event: 0.774 Loading class java/io/DeleteOnExitHook$1
Event: 0.774 Loading class java/io/DeleteOnExitHook$1 done
Event: 0.774 Loading class java/io/FileOutputStream$1
Event: 0.774 Loading class java/io/FileOutputStream$1 done
Event: 0.862 Loading class java/lang/UnsupportedOperationException
Event: 0.862 Loading class java/lang/UnsupportedOperationException done
Event: 0.862 Loading class java/lang/NumberFormatException
Event: 0.862 Loading class java/lang/NumberFormatException done
Event: 0.862 Loading class java/io/StringReader
Event: 0.862 Loading class java/io/StringReader done
Event: 0.864 Loading class java/util/regex/Pattern$BnM
Event: 0.864 Loading class java/util/regex/Pattern$BnM done
Event: 0.864 Loading class java/util/regex/Pattern$SliceS
Event: 0.864 Loading class java/util/regex/Pattern$SliceS done

Classes unloaded (0 events):
No events

Classes redefined (0 events):
No events

Internal exceptions (20 events):
Event: 0.464 Thread 0x0000025435a99480 Exception <a 'java/io/FileNotFoundException'{0x0000000088da1c98}> (0x0000000088da1c98) 
thrown [s\open\src\hotspot\share\prims\jni.cpp, line 520]
Event: 0.465 Thread 0x0000025435a99480 Exception <a 'java/io/FileNotFoundException'{0x0000000088da5678}> (0x0000000088da5678) 
thrown [s\open\src\hotspot\share\prims\jni.cpp, line 520]
Event: 0.469 Thread 0x0000025435a99480 Exception <a 'java/io/FileNotFoundException'{0x0000000088db3a30}> (0x0000000088db3a30) 
thrown [s\open\src\hotspot\share\prims\jni.cpp, line 520]
Event: 0.471 Thread 0x0000025435a99480 Exception <a 'java/io/FileNotFoundException'{0x0000000088dbef98}> (0x0000000088dbef98) 
thrown [s\open\src\hotspot\share\prims\jni.cpp, line 520]
Event: 0.472 Thread 0x0000025435a99480 Exception <a 'java/io/FileNotFoundException'{0x0000000088dc56a0}> (0x0000000088dc56a0) 
thrown [s\open\src\hotspot\share\prims\jni.cpp, line 520]
Event: 0.477 Thread 0x0000025435a99480 Exception <a 'java/io/FileNotFoundException'{0x0000000088de6d58}> (0x0000000088de6d58) 
thrown [s\open\src\hotspot\share\prims\jni.cpp, line 520]
Event: 0.485 Thread 0x0000025435a99480 Exception <a 'java/io/FileNotFoundException'{0x0000000088c0fbe8}> (0x0000000088c0fbe8) 
thrown [s\open\src\hotspot\share\prims\jni.cpp, line 520]
Event: 0.485 Thread 0x0000025435a99480 Exception <a 'java/io/FileNotFoundException'{0x0000000088c11e70}> (0x0000000088c11e70) 
thrown [s\open\src\hotspot\share\prims\jni.cpp, line 520]
Event: 0.496 Thread 0x0000025435a99480 Exception <a 'java/io/FileNotFoundException'{0x0000000088c4c508}> (0x0000000088c4c508) 
thrown [s\open\src\hotspot\share\prims\jni.cpp, line 520]
Event: 0.501 Thread 0x0000025435a99480 Exception <a 'java/io/FileNotFoundException'{0x0000000088c660e0}> (0x0000000088c660e0) 
thrown [s\open\src\hotspot\share\prims\jni.cpp, line 520]
Event: 0.502 Thread 0x0000025435a99480 Exception <a 'java/io/FileNotFoundException'{0x0000000088c6ca38}> (0x0000000088c6ca38) 
thrown [s\open\src\hotspot\share\prims\jni.cpp, line 520]
Event: 0.503 Thread 0x0000025435a99480 Exception <a 'java/io/FileNotFoundException'{0x0000000088c70408}> (0x0000000088c70408) 
thrown [s\open\src\hotspot\share\prims\jni.cpp, line 520]
Event: 0.505 Thread 0x0000025435a99480 Exception <a 'java/io/FileNotFoundException'{0x0000000088c7e6c0}> (0x0000000088c7e6c0) 
thrown [s\open\src\hotspot\share\prims\jni.cpp, line 520]
Event: 0.508 Thread 0x0000025435a99480 Exception <a 'java/io/FileNotFoundException'{0x0000000088c89dd0}> (0x0000000088c89dd0) 
thrown [s\open\src\hotspot\share\prims\jni.cpp, line 520]
Event: 0.508 Thread 0x0000025435a99480 Exception <a 'java/io/FileNotFoundException'{0x0000000088c90498}> (0x0000000088c90498) 
thrown [s\open\src\hotspot\share\prims\jni.cpp, line 520]
Event: 0.514 Thread 0x0000025435a99480 Exception <a 'java/io/FileNotFoundException'{0x0000000088cb40f0}> (0x0000000088cb40f0) 
thrown [s\open\src\hotspot\share\prims\jni.cpp, line 520]
Event: 0.520 Thread 0x0000025435a99480 Exception <a 'java/io/FileNotFoundException'{0x0000000088cde690}> (0x0000000088cde690) 
thrown [s\open\src\hotspot\share\prims\jni.cpp, line 520]
Event: 0.520 Thread 0x0000025435a99480 Exception <a 'java/io/FileNotFoundException'{0x0000000088ce0918}> (0x0000000088ce0918) 
thrown [s\open\src\hotspot\share\prims\jni.cpp, line 520]
Event: 0.725 Thread 0x000002549a32b6d0 Exception <a 'java/lang/NoSuchMethodError'{0x00000000888a4438}: 'java.lang.Object java.lang.invoke.DirectMethodHandle$Holder.invokeStaticInit(java.lang.Object, int, int, int, int)'> (0x00000000888a4438) 
thrown [s\open\src\hotspot\share\interpreter\linkResolver.cpp, line 773]
Event: 0.752 Thread 0x000002549a324d70 Exception <a 'java/lang/NoSuchMethodError'{0x00000000888f0310}: 'java.lang.Object java.lang.invoke.DirectMethodHandle$Holder.invokeStaticInit(java.lang.Object, java.lang.Object, int, int, int, int)'> (0x00000000888f0310) 
thrown [s\open\src\hotspot\share\interpreter\linkResolver.cpp, line 773]

ZGC Phase Switch (0 events):
No events

VM Operations (16 events):
Event: 0.098 Executing VM operation: HandshakeAllThreads (Deoptimize)
Event: 0.098 Executing VM operation: HandshakeAllThreads (Deoptimize) done
Event: 0.185 Executing VM operation: HandshakeAllThreads (Deoptimize)
Event: 0.185 Executing VM operation: HandshakeAllThreads (Deoptimize) done
Event: 0.318 Executing VM operation: HandshakeAllThreads (Deoptimize)
Event: 0.318 Executing VM operation: HandshakeAllThreads (Deoptimize) done
Event: 0.526 Executing VM operation: HandshakeAllThreads (Deoptimize)
Event: 0.526 Executing VM operation: HandshakeAllThreads (Deoptimize) done
Event: 0.604 Executing VM operation: ICBufferFull
Event: 0.606 Executing VM operation: ICBufferFull done
Event: 0.613 Executing VM operation: HandshakeAllThreads (Deoptimize)
Event: 0.622 Executing VM operation: HandshakeAllThreads (Deoptimize) done
Event: 0.627 Executing VM operation: HandshakeAllThreads (Deoptimize)
Event: 0.642 Executing VM operation: HandshakeAllThreads (Deoptimize) done
Event: 0.709 Executing VM operation: HandshakeAllThreads (Deoptimize)
Event: 0.709 Executing VM operation: HandshakeAllThreads (Deoptimize) done

Events (20 events):
Event: 0.051 Thread 0x0000025453be4d00 Thread added: 0x0000025453be4d00
Event: 0.051 Thread 0x0000025453be5c20 Thread added: 0x0000025453be5c20
Event: 0.051 Thread 0x0000025453be9c90 Thread added: 0x0000025453be9c90
Event: 0.051 Thread 0x0000025453bed010 Thread added: 0x0000025453bed010
Event: 0.051 Thread 0x0000025453beda70 Thread added: 0x0000025453beda70
Event: 0.051 Thread 0x0000025453bee4d0 Thread added: 0x0000025453bee4d0
Event: 0.052 Thread 0x0000025453bf4770 Thread added: 0x0000025453bf4770
Event: 0.052 Thread 0x0000025453bfda30 Thread added: 0x0000025453bfda30
Event: 0.078 Thread 0x00000254990ec7b0 Thread added: 0x00000254990ec7b0
Event: 0.112 Thread 0x00000254991ee080 Thread added: 0x00000254991ee080
Event: 0.115 Thread 0x00000254991aa960 Thread added: 0x00000254991aa960
Event: 0.228 Thread 0x00000254993157c0 Thread added: 0x00000254993157c0
Event: 0.230 Thread 0x00000254993297c0 Thread added: 0x00000254993297c0
Event: 0.231 Thread 0x0000025499315e30 Thread added: 0x0000025499315e30
Event: 0.351 Thread 0x00000254993beb70 Thread added: 0x00000254993beb70
Event: 0.550 Thread 0x000002549a324d70 Thread added: 0x000002549a324d70
Event: 0.550 Thread 0x000002549a3285a0 Thread added: 0x000002549a3285a0
Event: 0.550 Thread 0x000002549a32b6d0 Thread added: 0x000002549a32b6d0
Event: 0.607 Thread 0x0000025435a99480 Thread exited: 0x0000025435a99480
Event: 0.607 Thread 0x0000025435a99480 Thread added: 0x0000025435a99480


Dynamic libraries:
0x00007ff718310000 - 0x00007ff718320000 	C:\Program Files\Java\jdk-21\bin\java.exe
0x00007ffad4350000 - 0x00007ffad4548000 	C:\Windows\SYSTEM32\ntdll.dll
0x00007ffad2b00000 - 0x00007ffad2bbd000 	C:\Windows\System32\KERNEL32.DLL
0x00007ffad1f00000 - 0x00007ffad21f6000 	C:\Windows\System32\KERNELBASE.dll
0x00007ffad1ce0000 - 0x00007ffad1de0000 	C:\Windows\System32\ucrtbase.dll
0x00007ffaca6b0000 - 0x00007ffaca6c9000 	C:\Program Files\Java\jdk-21\bin\jli.dll
0x00007ffacbd60000 - 0x00007ffacbd7b000 	C:\Program Files\Java\jdk-21\bin\VCRUNTIME140.dll
0x00007ffad3c40000 - 0x00007ffad3cf0000 	C:\Windows\System32\ADVAPI32.dll
0x00007ffad3b90000 - 0x00007ffad3c2e000 	C:\Windows\System32\msvcrt.dll
0x00007ffad2ca0000 - 0x00007ffad2d40000 	C:\Windows\System32\sechost.dll
0x00007ffad3f90000 - 0x00007ffad40b3000 	C:\Windows\System32\RPCRT4.dll
0x00007ffad1b70000 - 0x00007ffad1b97000 	C:\Windows\System32\bcrypt.dll
0x00007ffad35f0000 - 0x00007ffad378f000 	C:\Windows\System32\USER32.dll
0x00007ffad1de0000 - 0x00007ffad1e02000 	C:\Windows\System32\win32u.dll
0x00007ffad2d40000 - 0x00007ffad2d6b000 	C:\Windows\System32\GDI32.dll
0x00007ffabfe20000 - 0x00007ffac00ba000 	C:\Windows\WinSxS\amd64_microsoft.windows.common-controls_6595b64144ccf1df_6.0.19041.4355_none_60b8b9eb71f62e16\COMCTL32.dll
0x00007ffad2270000 - 0x00007ffad2387000 	C:\Windows\System32\gdi32full.dll
0x00007ffad1e60000 - 0x00007ffad1efd000 	C:\Windows\System32\msvcp_win.dll
0x00007ffac6890000 - 0x00007ffac689a000 	C:\Windows\SYSTEM32\VERSION.dll
0x00007ffad3b60000 - 0x00007ffad3b8f000 	C:\Windows\System32\IMM32.DLL
0x00007ffacc120000 - 0x00007ffacc12c000 	C:\Program Files\Java\jdk-21\bin\vcruntime140_1.dll
0x00007ffaca700000 - 0x00007ffaca78e000 	C:\Program Files\Java\jdk-21\bin\msvcp140.dll
0x00007ffa4cd80000 - 0x00007ffa4da97000 	C:\Program Files\Java\jdk-21\bin\server\jvm.dll
0x00007ffad3e00000 - 0x00007ffad3e6b000 	C:\Windows\System32\WS2_32.dll
0x00007ffad0f40000 - 0x00007ffad0f8b000 	C:\Windows\SYSTEM32\POWRPROF.dll
0x00007ffacd610000 - 0x00007ffacd637000 	C:\Windows\SYSTEM32\WINMM.dll
0x00007ffad0e00000 - 0x00007ffad0e12000 	C:\Windows\SYSTEM32\UMPDC.dll
0x00007ffad0270000 - 0x00007ffad0282000 	C:\Windows\SYSTEM32\kernel.appcore.dll
0x00007ffacbd30000 - 0x00007ffacbd3a000 	C:\Program Files\Java\jdk-21\bin\jimage.dll
0x00007ffaca8c0000 - 0x00007ffacaaa4000 	C:\Windows\SYSTEM32\DBGHELP.DLL
0x00007ffaca270000 - 0x00007ffaca2a4000 	C:\Windows\SYSTEM32\dbgcore.DLL
0x00007ffad1c50000 - 0x00007ffad1cd2000 	C:\Windows\System32\bcryptPrimitives.dll
0x00007ffaca820000 - 0x00007ffaca83f000 	C:\Program Files\Java\jdk-21\bin\java.dll
0x00007ffad2390000 - 0x00007ffad2afc000 	C:\Windows\System32\SHELL32.dll
0x00007ffacf4e0000 - 0x00007ffacfc7d000 	C:\Windows\SYSTEM32\windows.storage.dll
0x00007ffad37a0000 - 0x00007ffad3af3000 	C:\Windows\System32\combase.dll
0x00007ffad1430000 - 0x00007ffad145e000 	C:\Windows\SYSTEM32\Wldp.dll
0x00007ffad2d70000 - 0x00007ffad2e3d000 	C:\Windows\System32\OLEAUT32.dll
0x00007ffad3d50000 - 0x00007ffad3dfd000 	C:\Windows\System32\SHCORE.dll
0x00007ffad2ff0000 - 0x00007ffad3045000 	C:\Windows\System32\shlwapi.dll
0x00007ffad1940000 - 0x00007ffad1964000 	C:\Windows\SYSTEM32\profapi.dll
0x00007ffaa85c0000 - 0x00007ffaa8697000 	C:\Program Files\Java\jdk-21\bin\jsvml.dll
0x00007ffacbcb0000 - 0x00007ffacbcc0000 	C:\Program Files\Java\jdk-21\bin\net.dll
0x00007ffac8a20000 - 0x00007ffac8b2a000 	C:\Windows\SYSTEM32\WINHTTP.dll
0x00007ffad1190000 - 0x00007ffad11fa000 	C:\Windows\system32\mswsock.dll
0x00007ffaca800000 - 0x00007ffaca816000 	C:\Program Files\Java\jdk-21\bin\nio.dll
0x00007ffaca7e0000 - 0x00007ffaca7f8000 	C:\Program Files\Java\jdk-21\bin\zip.dll
0x00007ffaa5190000 - 0x00007ffaa531f000 	C:\Program Files\Java\jdk-21\bin\awt.dll
0x00007fface9e0000 - 0x00007ffacea70000 	C:\Windows\SYSTEM32\apphelp.dll
0x00007ffacf150000 - 0x00007ffacf17f000 	C:\Windows\system32\DWMAPI.DLL
0x00007ffaced80000 - 0x00007ffacee1e000 	C:\Windows\system32\uxtheme.dll
0x00007ffab2310000 - 0x00007ffab2435000 	C:\Windows\system32\opengl32.dll
0x00007ffab5450000 - 0x00007ffab547c000 	C:\Windows\SYSTEM32\GLU32.dll
0x00007ffad40c0000 - 0x00007ffad41d4000 	C:\Windows\System32\MSCTF.dll
0x00007ffad3050000 - 0x00007ffad317b000 	C:\Windows\System32\ole32.dll
0x00007ffab4940000 - 0x00007ffab49c7000 	C:\Program Files\Java\jdk-21\bin\freetype.dll
0x00007ffaa50a0000 - 0x00007ffaa5182000 	C:\Program Files\Java\jdk-21\bin\fontmanager.dll
0x00007ffabe4a0000 - 0x00007ffabe599000 	C:\Windows\SYSTEM32\textinputframework.dll
0x00007fface190000 - 0x00007fface4eb000 	C:\Windows\System32\CoreUIComponents.dll
0x00007fface530000 - 0x00007fface622000 	C:\Windows\System32\CoreMessaging.dll
0x00007ffad0b60000 - 0x00007ffad0b93000 	C:\Windows\SYSTEM32\ntmarta.dll
0x00007ffacd700000 - 0x00007ffacd857000 	C:\Windows\SYSTEM32\wintypes.dll
0x00007ffad1390000 - 0x00007ffad13a8000 	C:\Windows\SYSTEM32\CRYPTSP.dll
0x00007ffad0a40000 - 0x00007ffad0a74000 	C:\Windows\system32\rsaenh.dll
0x00007ffad18b0000 - 0x00007ffad18de000 	C:\Windows\SYSTEM32\USERENV.dll
0x00007ffad1380000 - 0x00007ffad138c000 	C:\Windows\SYSTEM32\CRYPTBASE.dll
0x00007ffad0e20000 - 0x00007ffad0e5b000 	C:\Windows\SYSTEM32\IPHLPAPI.DLL
0x00007ffad3e70000 - 0x00007ffad3e78000 	C:\Windows\System32\NSI.dll
0x000000006d580000 - 0x000000006d63d000 	C:\Users\josel\AppData\Local\Temp\sqlite-3.8.11.2-8a3dbcc6-d8ef-48d8-9653-2a04be8c577e-sqlitejdbc.dll
0x0000000000850000 - 0x000000000090d000 	C:\Users\josel\AppData\Local\Temp\sqlite-3.8.11.2-3d62ecce-0905-4d94-abfb-b9ea535ef9e7-sqlitejdbc.dll

dbghelp: loaded successfully - version: 4.0.5 - missing functions: none
symbol engine: initialized successfully - sym options: 0x614 - pdb path: .;C:\Program Files\Java\jdk-21\bin;C:\Windows\SYSTEM32;C:\Windows\WinSxS\amd64_microsoft.windows.common-controls_6595b64144ccf1df_6.0.19041.4355_none_60b8b9eb71f62e16;C:\Program Files\Java\jdk-21\bin\server;C:\Users\josel\AppData\Local\Temp

VM Arguments:
jvm_args: -Dfile.encoding=UTF-8 --module-path=C:\Users\josel\OneDrive\Documentos\NetBeansProjects\JoseLuisEspinozaSanchez\build\classes 
java_command: joseluisespinozasanchez.JoseLuisEspinozaSanchez
java_class_path (initial): C:\Users\josel\Downloads\sqliteadmin\sqlite-jdbc-3.8.11.2.jar;C:\Users\josel\OneDrive\Documentos\NetBeansProjects\JoseLuisEspinozaSanchez\build\classes
Launcher Type: SUN_STANDARD

[Global flags]
     intx CICompilerCount                          = 3                                         {product} {ergonomic}
     uint ConcGCThreads                            = 1                                         {product} {ergonomic}
     uint G1ConcRefinementThreads                  = 4                                         {product} {ergonomic}
   size_t G1HeapRegionSize                         = 1048576                                   {product} {ergonomic}
    uintx GCDrainStackTargetSize                   = 64                                        {product} {ergonomic}
   size_t InitialHeapSize                          = 134217728                                 {product} {ergonomic}
   size_t MarkStackSize                            = 4194304                                   {product} {ergonomic}
   size_t MaxHeapSize                              = 2126512128                                {product} {ergonomic}
   size_t MaxNewSize                               = 1275068416                                {product} {ergonomic}
   size_t MinHeapDeltaBytes                        = 1048576                                   {product} {ergonomic}
   size_t MinHeapSize                              = 8388608                                   {product} {ergonomic}
    uintx NonNMethodCodeHeapSize                   = 5832780                                {pd product} {ergonomic}
    uintx NonProfiledCodeHeapSize                  = 122912730                              {pd product} {ergonomic}
     bool PerfDisableSharedMem                     = true                                      {product} {ergonomic}
    uintx ProfiledCodeHeapSize                     = 122912730                              {pd product} {ergonomic}
    uintx ReservedCodeCacheSize                    = 251658240                              {pd product} {ergonomic}
     bool SegmentedCodeCache                       = true                                      {product} {ergonomic}
   size_t SoftMaxHeapSize                          = 2126512128                             {manageable} {ergonomic}
     bool UseCompressedOops                        = true                           {product lp64_product} {ergonomic}
     bool UseG1GC                                  = true                                      {product} {ergonomic}
     bool UseLargePagesIndividualAllocation        = false                                  {pd product} {ergonomic}

Logging:
Log output configuration:
 #0: stdout all=warning uptime,level,tags foldmultilines=false
 #1: stderr all=off uptime,level,tags foldmultilines=false

Environment Variables:
PATH=C:\Program Files\Common Files\Oracle\Java\javapath;C:\Program Files (x86)\Common Files\Oracle\Java\java8path;C:\Program Files (x86)\Common Files\Oracle\Java\javapath;C:\Windows\system32;C:\Windows;C:\Windows\System32\Wbem;C:\Windows\System32\WindowsPowerShell\v1.0\;C:\Windows\System32\OpenSSH\;C:\msys64\mingw64\bin;C:\Program Files\Git\cmd;C:\Program Files (x86)\Windows Kits\10\Windows Performance Toolkit\;C:\Users\josel\AppData\Local\Programs\Python\Python312\Scripts\;C:\Users\josel\AppData\Local\Programs\Python\Python312\;C:\Users\josel\AppData\Local\Microsoft\WindowsApps;C:\msys64\mingw64\bin;C:\Users\josel\AppData\Local\Programs\Microsoft VS Code\bin;C:\Users\josel\OneDrive\Documentos\Godot_v4.2.1;C:\Users\josel\AppData\Local\bin\NASM;
USERNAME=josel
OS=Windows_NT
PROCESSOR_IDENTIFIER=Intel64 Family 6 Model 60 Stepping 3, GenuineIntel
TMP=C:\Users\josel\AppData\Local\Temp
TEMP=C:\Users\josel\AppData\Local\Temp




Periodic native trim disabled

---------------  S Y S T E M  ---------------

OS:
 Windows 10 , 64 bit Build 19041 (10.0.19041.3636)
OS uptime: 2 days 3:26 hours

CPU: total 4 (initial active 4) (2 cores per cpu, 2 threads per core) family 6 model 60 stepping 3 microcode 0x27, cx8, cmov, fxsr, ht, mmx, sse, sse2, sse3, ssse3, sse4.1, sse4.2, popcnt, lzcnt, tsc, tscinvbit, avx, avx2, aes, erms, clmul, bmi1, bmi2, fma, vzeroupper, clflush, rdtscp, f16c
Processor Information for all 4 processors :
  Max Mhz: 2501, Current Mhz: 2501, Mhz Limit: 2501

Memory: 4k page, system-wide physical 8105M (1816M free)
TotalPageFile size 10537M (AvailPageFile size 2067M)
current process WorkingSet (physical memory assigned to process): 73M, peak: 73M
current process commit charge ("private bytes"): 218M, peak: 219M

vm_info: Java HotSpot(TM) 64-Bit Server VM (21.0.2+13-LTS-58) for windows-amd64 JRE (21.0.2+13-LTS-58), built on 2024-01-05T18:32:24Z by "mach5one" with MS VC++ 17.1 (VS2022)

END.
