#
# A fatal error has been detected by the Java Runtime Environment:
#
#  EXCEPTION_ACCESS_VIOLATION (0xc0000005) at pc=0x0000000000000000, pid=5532, tid=8036
#
# JRE version: Java(TM) SE Runtime Environment (21.0.2+13) (build 21.0.2+13-LTS-58)
# Java VM: Java HotSpot(TM) 64-Bit Server VM (21.0.2+13-LTS-58, mixed mode, sharing, tiered, compressed oops, compressed class ptrs, g1 gc, windows-amd64)
# Problematic frame:
# C  [sqlite-3.8.11.2-5a23d445-c248-4b68-96a1-6c28e31e3153-sqlitejdbc.dll+0x7f188]
#
# No core dump will be written. Minidumps are not enabled by default on client versions of Windows
#
# If you would like to submit a bug report, please visit:
#   https://bugreport.java.com/bugreport/crash.jsp
# The crash happened outside the Java Virtual Machine in native code.
# See problematic frame for where to report the bug.
#

---------------  S U M M A R Y ------------

Command Line: -Dfile.encoding=UTF-8 --module-path=C:\Users\josel\OneDrive\Documentos\NetBeansProjects\JoseLuisEspinozaSanchez\build\classes joseluisespinozasanchez.JoseLuisEspinozaSanchez

Host: Intel(R) Core(TM) i5-4200M CPU @ 2.50GHz, 4 cores, 7G,  Windows 10 , 64 bit Build 19041 (10.0.19041.3636)
Time: Fri Jun 14 15:09:18 2024 Hora estándar central (México) elapsed time: 1.153678 seconds (0d 0h 0m 1s)

---------------  T H R E A D  ---------------

Current thread (0x00000232fab30de0):  JavaThread "Thread-0"         [_thread_in_native, id=8036, stack(0x0000003a8a900000,0x0000003a8aa00000) (1024K)]

Stack: [0x0000003a8a900000,0x0000003a8aa00000],  sp=0x0000003a8a9fe940,  free space=1018k
Native frames: (J=compiled Java code, j=interpreted, Vv=VM code, C=native code)

Java frames: (J=compiled Java code, j=interpreted, Vv=VM code)
j  org.sqlite.core.NativeDB.prepare(Ljava/lang/String;)J+0
j  org.sqlite.core.DB.prepare(Lorg/sqlite/core/CoreStatement;)V+21
j  org.sqlite.core.CorePreparedStatement.<init>(Lorg/sqlite/SQLiteConnection;Ljava/lang/String;)V+15
j  org.sqlite.jdbc3.JDBC3PreparedStatement.<init>(Lorg/sqlite/SQLiteConnection;Ljava/lang/String;)V+3
j  org.sqlite.jdbc4.JDBC4PreparedStatement.<init>(Lorg/sqlite/SQLiteConnection;Ljava/lang/String;)V+3
j  org.sqlite.jdbc4.JDBC4Connection.prepareStatement(Ljava/lang/String;III)Ljava/sql/PreparedStatement;+21
j  org.sqlite.jdbc3.JDBC3Connection.prepareStatement(Ljava/lang/String;II)Ljava/sql/PreparedStatement;+5
j  org.sqlite.jdbc3.JDBC3Connection.prepareStatement(Ljava/lang/String;)Ljava/sql/PreparedStatement;+8
j  conexion.Conexion.consultarRegistro(Ljava/lang/String;)Ljava/sql/ResultSet;+5
j  joseluisespinozasanchez.GestorTareasGUI.mostrarDatos()V+33
j  joseluisespinozasanchez.GestorTareasGUI.run()V+62
j  java.lang.Thread.runWith(Ljava/lang/Object;Ljava/lang/Runnable;)V+5 java.base@21.0.2
j  java.lang.Thread.run()V+19 java.base@21.0.2
v  ~StubRoutines::call_stub 0x00000232a793100d

siginfo: EXCEPTION_ACCESS_VIOLATION (0xc0000005), data execution prevention violation at address 0x0000000000000000


Registers:
RAX=0x0000000000000001, RBX=0x00000232b4bf7b88, RCX=0x00000232b4bf66e8, RDX=0x00000232fab535b0
RSP=0x0000003a8a9fe938, RBP=0x0000000000000000, RSI=0x0000003a8a9fea58, RDI=0x00000232fab535b0
R8 =0x00000000ffffffff, R9 =0x0000000000000001, R10=0x00000232fab535c4, R11=0x00000232fab535b0
R12=0x0000000000000000, R13=0x0000000000000001, R14=0x00000000ffffffff, R15=0x00000232fab30de0
RIP=0x0000000000000000, EFLAGS=0x0000000000010206


Register to memory mapping:

RAX=0x0000000000000001 is an unknown value
RBX=0x00000232b4bf7b88 points into unknown readable memory: 0x000000006d618c60 | 60 8c 61 6d 00 00 00 00
RCX=0x00000232b4bf66e8 points into unknown readable memory: 0xffffffffffffffff | ff ff ff ff ff ff ff ff
RDX=0x00000232fab535b0 points into unknown readable memory: 0x2a205443454c4553 | 53 45 4c 45 43 54 20 2a
RSP=0x0000003a8a9fe938 is pointing into the stack for thread: 0x00000232fab30de0
RBP=0x0 is null
RSI=0x0000003a8a9fea58 is pointing into the stack for thread: 0x00000232fab30de0
RDI=0x00000232fab535b0 points into unknown readable memory: 0x2a205443454c4553 | 53 45 4c 45 43 54 20 2a
R8 =0x00000000ffffffff is an unallocated location in the heap
R9 =0x0000000000000001 is an unknown value
R10=0x00000232fab535c4 points into unknown readable memory: 00 00 00 00
R11=0x00000232fab535b0 points into unknown readable memory: 0x2a205443454c4553 | 53 45 4c 45 43 54 20 2a
R12=0x0 is null
R13=0x0000000000000001 is an unknown value
R14=0x00000000ffffffff is an unallocated location in the heap
R15=0x00000232fab30de0 is a thread

Top of Stack: (sp=0x0000003a8a9fe938)
0x0000003a8a9fe938:   0000000000c7f188 0000000000000001
0x0000003a8a9fe948:   0000000000000015 0000000088737c20
0x0000003a8a9fe958:   0000000000000000 0000000000000006
0x0000003a8a9fe968:   00007ffa4d3f0e7c 00000232b42e9f90
0x0000003a8a9fe978:   000000000000000d 00000100aaabfd86
0x0000003a8a9fe988:   00000232fab31198 0000003a8a9feb40
0x0000003a8a9fe998:   00000232fab535b0 0000003a8a9feb48
0x0000003a8a9fe9a8:   00000232b4bf7b88 00000232f67115c8
0x0000003a8a9fe9b8:   0000003a8a9feb48 00000232fab30de0
0x0000003a8a9fe9c8:   0000000000c7f467 00000232fab31198
0x0000003a8a9fe9d8:   0000000000c0157f 00000232fab30de0
0x0000003a8a9fe9e8:   0000000000000000 0000000000000000
0x0000003a8a9fe9f8:   0000003a8a9fea58 0000000000000000
0x0000003a8a9fea08:   0000003a8a9feb40 00000232fab31198
0x0000003a8a9fea18:   0000000000c0206f 0000003a8a9feb48
0x0000003a8a9fea28:   0000003a8a9feb48 00000232fab30de0
0x0000003a8a9fea38:   00007ffa4d3f95cf 0000000000000000
0x0000003a8a9fea48:   00000232fab30de0 000000000001ef64
0x0000003a8a9fea58:   0000000000000000 00000232f67115d0
0x0000003a8a9fea68:   0000000000000000 000000000001ef64
0x0000003a8a9fea78:   0000003a8a9feb20 0000000000000000
0x0000003a8a9fea88:   00000232a793da54 00000232f67115d0
0x0000003a8a9fea98:   0000003a8a9feb48 000000000001ef64
0x0000003a8a9feaa8:   00000232a793d637 00000232f67115d0
0x0000003a8a9feab8:   0000000000000000 0000000000000000
0x0000003a8a9feac8:   0000000000000000 0000000088703d50
0x0000003a8a9fead8:   0000003a8a9feac8 00000232f67115c8
0x0000003a8a9feae8:   0000000000000005 00000232f6772c40
0x0000003a8a9feaf8:   0000000000000000 0000000088a4e760
0x0000003a8a9feb08:   00000232f67115d0 0000000000000000
0x0000003a8a9feb18:   0000003a8a9feb40 0000003a8a9febb0
0x0000003a8a9feb28:   00000232a7938924 0000000000000000 

Instructions: (pc=0x0000000000c7f188)
0x0000000000c7f088:   c9 0f 84 62 ff ff ff 48 89 f1 e8 a9 a1 fc ff e9
0x0000000000c7f098:   55 ff ff ff 4c 01 fd 48 89 af 18 02 00 00 e9 2e
0x0000000000c7f0a8:   fd ff ff 0f 1f 44 00 00 48 89 e9 e8 48 c2 fd ff
0x0000000000c7f0b8:   e9 44 fe ff ff 0f 1f 00 c7 47 18 07 00 00 00 be
0x0000000000c7f0c8:   07 00 00 00 e9 30 fd ff ff 4c 8d 05 e1 32 02 00
0x0000000000c7f0d8:   ba 12 00 00 00 48 89 d9 e8 1b 57 fa ff ba 12 00
0x0000000000c7f0e8:   00 00 48 89 d9 e8 de 02 f9 ff 89 c6 e9 56 fe ff
0x0000000000c7f0f8:   ff 89 f2 48 89 d9 e8 8d 02 f9 ff e9 3b fe ff ff
0x0000000000c7f108:   ba 04 00 00 00 48 89 e9 41 be 0c 00 00 00 e8 95
0x0000000000c7f118:   ad f9 ff 41 bd 08 00 00 00 e9 2e fd ff ff 66 2e
0x0000000000c7f128:   0f 1f 84 00 00 00 00 00 41 57 41 56 41 55 41 54
0x0000000000c7f138:   55 57 56 53 48 83 ec 48 48 8b b4 24 b8 00 00 00
0x0000000000c7f148:   48 8b ac 24 b0 00 00 00 48 89 cb 48 89 d7 45 89
0x0000000000c7f158:   c6 45 89 cd 4c 8b a4 24 c0 00 00 00 48 c7 06 00
0x0000000000c7f168:   00 00 00 e8 70 be fa ff 85 c0 74 6f 48 85 ff 74
0x0000000000c7f178:   6a 48 8b 4b 18 48 85 c9 74 06 ff 15 60 91 01 00
0x0000000000c7f188:   48 89 d9 e8 e0 2a f9 ff 45 89 e9 45 89 f0 48 89
0x0000000000c7f198:   fa 48 89 d9 4c 89 64 24 30 48 89 74 24 28 48 89
0x0000000000c7f1a8:   6c 24 20 e8 00 fb ff ff 83 f8 11 41 89 c7 74 48
0x0000000000c7f1b8:   48 89 d9 e8 30 2b f9 ff 48 8b 4b 18 48 85 c9 74
0x0000000000c7f1c8:   06 ff 15 29 91 01 00 44 89 f8 48 83 c4 48 5b 5e
0x0000000000c7f1d8:   5f 5d 41 5c 41 5d 41 5e 41 5f c3 b9 b3 a3 01 00
0x0000000000c7f1e8:   48 83 c4 48 5b 5e 5f 5d 41 5c 41 5d 41 5e 41 5f
0x0000000000c7f1f8:   e9 23 b0 fa ff 0f 1f 00 48 8b 0e e8 b8 c2 fd ff
0x0000000000c7f208:   45 89 e9 45 89 f0 48 89 fa 48 89 d9 4c 89 64 24
0x0000000000c7f218:   30 48 89 74 24 28 48 89 6c 24 20 e8 88 fa ff ff
0x0000000000c7f228:   41 89 c7 eb 8b 0f 1f 00 41 56 41 55 41 54 55 57
0x0000000000c7f238:   56 53 48 83 ec 60 4c 8b a4 24 c0 00 00 00 48 8b
0x0000000000c7f248:   ac 24 c8 00 00 00 48 89 ce 48 89 d3 44 89 c7 45
0x0000000000c7f258:   89 cd 48 c7 44 24 58 00 00 00 00 49 c7 04 24 00
0x0000000000c7f268:   00 00 00 e8 70 bd fa ff 85 c0 0f 84 d8 00 00 00
0x0000000000c7f278:   48 85 db 0f 84 cf 00 00 00 83 ff 00 41 89 fe 7c 


Stack slot to memory mapping:

stack at sp + 0 slots: 0x0000000000000001 is an unknown value
stack at sp + 1 slots: 0x0000000000000015 is an unknown value
stack at sp + 2 slots: 0x0000000088737c20 is an oop: [B 
{0x0000000088737c20} - klass: {type array byte}
 - length: 20
stack at sp + 3 slots: 0x0 is null
stack at sp + 4 slots: 0x0000000000000006 is an unknown value
stack at sp + 5 slots: 0x00007ffa4d3f0e7c jvm.dll
stack at sp + 6 slots: 0x00000232b42e9f90 points into unknown readable memory: 0x0000000000000000 | 00 00 00 00 00 00 00 00
stack at sp + 7 slots: 0x000000000000000d is an unknown value


---------------  P R O C E S S  ---------------

Threads class SMR info:
_java_thread_list=0x00000232b457e4a0, length=19, elements={
0x00000232b4079c00, 0x00000232b407ab20, 0x00000232b407eb90, 0x00000232b4081700,
0x00000232b4082160, 0x00000232b4082bc0, 0x00000232b4090e70, 0x00000232b4091910,
0x00000232b4043b10, 0x00000232b4330120, 0x00000232b4505a20, 0x00000232b4509b90,
0x00000232b450d2f0, 0x00000232b4587470, 0x00000232fab30de0, 0x00000232fab31750,
0x00000232fab31dc0, 0x0000023297f878b0, 0x00000232fabf66a0
}

Java Threads: ( => current thread )
  0x00000232b4079c00 JavaThread "Reference Handler"          daemon [_thread_blocked, id=13084, stack(0x0000003a89b00000,0x0000003a89c00000) (1024K)]
  0x00000232b407ab20 JavaThread "Finalizer"                  daemon [_thread_blocked, id=16896, stack(0x0000003a89c00000,0x0000003a89d00000) (1024K)]
  0x00000232b407eb90 JavaThread "Signal Dispatcher"          daemon [_thread_blocked, id=724, stack(0x0000003a89d00000,0x0000003a89e00000) (1024K)]
  0x00000232b4081700 JavaThread "Attach Listener"            daemon [_thread_blocked, id=13940, stack(0x0000003a89e00000,0x0000003a89f00000) (1024K)]
  0x00000232b4082160 JavaThread "Service Thread"             daemon [_thread_blocked, id=12836, stack(0x0000003a89f00000,0x0000003a8a000000) (1024K)]
  0x00000232b4082bc0 JavaThread "Monitor Deflation Thread"   daemon [_thread_blocked, id=8408, stack(0x0000003a8a000000,0x0000003a8a100000) (1024K)]
  0x00000232b4090e70 JavaThread "C2 CompilerThread0"         daemon [_thread_blocked, id=17096, stack(0x0000003a8a100000,0x0000003a8a200000) (1024K)]
  0x00000232b4091910 JavaThread "C1 CompilerThread0"         daemon [_thread_blocked, id=11148, stack(0x0000003a8a200000,0x0000003a8a300000) (1024K)]
  0x00000232b4043b10 JavaThread "Common-Cleaner"             daemon [_thread_blocked, id=8736, stack(0x0000003a8a300000,0x0000003a8a400000) (1024K)]
  0x00000232b4330120 JavaThread "Notification Thread"        daemon [_thread_blocked, id=16656, stack(0x0000003a8a400000,0x0000003a8a500000) (1024K)]
  0x00000232b4505a20 JavaThread "Java2D Disposer"            daemon [_thread_blocked, id=5980, stack(0x0000003a8a500000,0x0000003a8a600000) (1024K)]
  0x00000232b4509b90 JavaThread "AWT-Shutdown"                      [_thread_blocked, id=3832, stack(0x0000003a8a600000,0x0000003a8a700000) (1024K)]
  0x00000232b450d2f0 JavaThread "AWT-Windows"                daemon [_thread_in_native, id=16312, stack(0x0000003a8a700000,0x0000003a8a800000) (1024K)]
  0x00000232b4587470 JavaThread "AWT-EventQueue-0"                  [_thread_blocked, id=11388, stack(0x0000003a8a800000,0x0000003a8a900000) (1024K)]
=>0x00000232fab30de0 JavaThread "Thread-0"                          [_thread_in_native, id=8036, stack(0x0000003a8a900000,0x0000003a8aa00000) (1024K)]
  0x00000232fab31750 JavaThread "Thread-1"                          [_thread_blocked, id=2532, stack(0x0000003a8aa00000,0x0000003a8ab00000) (1024K)]
  0x00000232fab31dc0 JavaThread "Thread-2"                          [_thread_in_native, id=5560, stack(0x0000003a8ab00000,0x0000003a8ac00000) (1024K)]
  0x0000023297f878b0 JavaThread "DestroyJavaVM"                     [_thread_blocked, id=13604, stack(0x0000003a89300000,0x0000003a89400000) (1024K)]
  0x00000232fabf66a0 JavaThread "C2 CompilerThread1"         daemon [_thread_blocked, id=2448, stack(0x0000003a8ac00000,0x0000003a8ad00000) (1024K)]
Total: 19

Other Threads:
  0x00000232b4057e00 VMThread "VM Thread"                           [id=7436, stack(0x0000003a89a00000,0x0000003a89b00000) (1024K)]
  0x00000232b4042b30 WatcherThread "VM Periodic Task Thread"        [id=14556, stack(0x0000003a89900000,0x0000003a89a00000) (1024K)]
  0x0000023297fdc4d0 WorkerThread "GC Thread#0"                     [id=14520, stack(0x0000003a89400000,0x0000003a89500000) (1024K)]
  0x0000023297fed3e0 ConcurrentGCThread "G1 Main Marker"            [id=4596, stack(0x0000003a89500000,0x0000003a89600000) (1024K)]
  0x0000023297fef690 WorkerThread "G1 Conc#0"                       [id=13348, stack(0x0000003a89600000,0x0000003a89700000) (1024K)]
  0x000002329805e650 ConcurrentGCThread "G1 Refine#0"               [id=13548, stack(0x0000003a89700000,0x0000003a89800000) (1024K)]
  0x00000232b3f03310 ConcurrentGCThread "G1 Service"                [id=6600, stack(0x0000003a89800000,0x0000003a89900000) (1024K)]
Total: 7

Threads with active compile tasks:
Total: 0

VM state: not at safepoint (normal execution)

VM Mutex/Monitor currently owned by a thread: None

Heap address: 0x0000000081400000, size: 2028 MB, Compressed Oops mode: 32-bit

CDS archive(s) mapped at: [0x00000232b5000000-0x00000232b5c90000-0x00000232b5c90000), size 13172736, SharedBaseAddress: 0x00000232b5000000, ArchiveRelocationMode: 1.
Compressed class space mapped at: 0x00000232b6000000-0x00000232f6000000, reserved size: 1073741824
Narrow klass base: 0x00000232b5000000, Narrow klass shift: 0, Narrow klass range: 0x100000000

GC Precious Log:
 CardTable entry size: 512
 Card Set container configuration: InlinePtr #cards 5 size 8 Array Of Cards #cards 12 size 40 Howl #buckets 4 coarsen threshold 1843 Howl Bitmap #cards 512 size 80 coarsen threshold 460 Card regions per heap region 1 cards per card region 2048
 CPUs: 4 total, 4 available
 Memory: 8105M
 Large Page Support: Disabled
 NUMA Support: Disabled
 Compressed Oops: Enabled (32-bit)
 Heap Region Size: 1M
 Heap Min Capacity: 8M
 Heap Initial Capacity: 128M
 Heap Max Capacity: 2028M
 Pre-touch: Disabled
 Parallel Workers: 4
 Concurrent Workers: 1
 Concurrent Refinement Workers: 4
 Periodic GC: Disabled

Heap:
 garbage-first heap   total 131072K, used 14336K [0x0000000081400000, 0x0000000100000000)
  region size 1024K, 13 young (13312K), 0 survivors (0K)
 Metaspace       used 9695K, committed 9984K, reserved 1114112K
  class space    used 1063K, committed 1216K, reserved 1048576K

Heap Regions: E=young(eden), S=young(survivor), O=old, HS=humongous(starts), HC=humongous(continues), CS=collection set, F=free, TAMS=top-at-mark-start, PB=parsable bottom
|   0|0x0000000081400000, 0x0000000081500000, 0x0000000081500000|100%|HS|  |TAMS 0x0000000081400000| PB 0x0000000081400000| Complete 
|   1|0x0000000081500000, 0x0000000081600000, 0x0000000081600000|100%|HC|  |TAMS 0x0000000081500000| PB 0x0000000081500000| Complete 
|   2|0x0000000081600000, 0x0000000081600000, 0x0000000081700000|  0%| F|  |TAMS 0x0000000081600000| PB 0x0000000081600000| Untracked 
|   3|0x0000000081700000, 0x0000000081700000, 0x0000000081800000|  0%| F|  |TAMS 0x0000000081700000| PB 0x0000000081700000| Untracked 
|   4|0x0000000081800000, 0x0000000081800000, 0x0000000081900000|  0%| F|  |TAMS 0x0000000081800000| PB 0x0000000081800000| Untracked 
|   5|0x0000000081900000, 0x0000000081900000, 0x0000000081a00000|  0%| F|  |TAMS 0x0000000081900000| PB 0x0000000081900000| Untracked 
|   6|0x0000000081a00000, 0x0000000081a00000, 0x0000000081b00000|  0%| F|  |TAMS 0x0000000081a00000| PB 0x0000000081a00000| Untracked 
|   7|0x0000000081b00000, 0x0000000081b00000, 0x0000000081c00000|  0%| F|  |TAMS 0x0000000081b00000| PB 0x0000000081b00000| Untracked 
|   8|0x0000000081c00000, 0x0000000081c00000, 0x0000000081d00000|  0%| F|  |TAMS 0x0000000081c00000| PB 0x0000000081c00000| Untracked 
|   9|0x0000000081d00000, 0x0000000081d00000, 0x0000000081e00000|  0%| F|  |TAMS 0x0000000081d00000| PB 0x0000000081d00000| Untracked 
|  10|0x0000000081e00000, 0x0000000081e00000, 0x0000000081f00000|  0%| F|  |TAMS 0x0000000081e00000| PB 0x0000000081e00000| Untracked 
|  11|0x0000000081f00000, 0x0000000081f00000, 0x0000000082000000|  0%| F|  |TAMS 0x0000000081f00000| PB 0x0000000081f00000| Untracked 
|  12|0x0000000082000000, 0x0000000082000000, 0x0000000082100000|  0%| F|  |TAMS 0x0000000082000000| PB 0x0000000082000000| Untracked 
|  13|0x0000000082100000, 0x0000000082100000, 0x0000000082200000|  0%| F|  |TAMS 0x0000000082100000| PB 0x0000000082100000| Untracked 
|  14|0x0000000082200000, 0x0000000082200000, 0x0000000082300000|  0%| F|  |TAMS 0x0000000082200000| PB 0x0000000082200000| Untracked 
|  15|0x0000000082300000, 0x0000000082300000, 0x0000000082400000|  0%| F|  |TAMS 0x0000000082300000| PB 0x0000000082300000| Untracked 
|  16|0x0000000082400000, 0x0000000082400000, 0x0000000082500000|  0%| F|  |TAMS 0x0000000082400000| PB 0x0000000082400000| Untracked 
|  17|0x0000000082500000, 0x0000000082500000, 0x0000000082600000|  0%| F|  |TAMS 0x0000000082500000| PB 0x0000000082500000| Untracked 
|  18|0x0000000082600000, 0x0000000082600000, 0x0000000082700000|  0%| F|  |TAMS 0x0000000082600000| PB 0x0000000082600000| Untracked 
|  19|0x0000000082700000, 0x0000000082700000, 0x0000000082800000|  0%| F|  |TAMS 0x0000000082700000| PB 0x0000000082700000| Untracked 
|  20|0x0000000082800000, 0x0000000082800000, 0x0000000082900000|  0%| F|  |TAMS 0x0000000082800000| PB 0x0000000082800000| Untracked 
|  21|0x0000000082900000, 0x0000000082900000, 0x0000000082a00000|  0%| F|  |TAMS 0x0000000082900000| PB 0x0000000082900000| Untracked 
|  22|0x0000000082a00000, 0x0000000082a00000, 0x0000000082b00000|  0%| F|  |TAMS 0x0000000082a00000| PB 0x0000000082a00000| Untracked 
|  23|0x0000000082b00000, 0x0000000082b00000, 0x0000000082c00000|  0%| F|  |TAMS 0x0000000082b00000| PB 0x0000000082b00000| Untracked 
|  24|0x0000000082c00000, 0x0000000082c00000, 0x0000000082d00000|  0%| F|  |TAMS 0x0000000082c00000| PB 0x0000000082c00000| Untracked 
|  25|0x0000000082d00000, 0x0000000082d00000, 0x0000000082e00000|  0%| F|  |TAMS 0x0000000082d00000| PB 0x0000000082d00000| Untracked 
|  26|0x0000000082e00000, 0x0000000082e00000, 0x0000000082f00000|  0%| F|  |TAMS 0x0000000082e00000| PB 0x0000000082e00000| Untracked 
|  27|0x0000000082f00000, 0x0000000082f00000, 0x0000000083000000|  0%| F|  |TAMS 0x0000000082f00000| PB 0x0000000082f00000| Untracked 
|  28|0x0000000083000000, 0x0000000083000000, 0x0000000083100000|  0%| F|  |TAMS 0x0000000083000000| PB 0x0000000083000000| Untracked 
|  29|0x0000000083100000, 0x0000000083100000, 0x0000000083200000|  0%| F|  |TAMS 0x0000000083100000| PB 0x0000000083100000| Untracked 
|  30|0x0000000083200000, 0x0000000083200000, 0x0000000083300000|  0%| F|  |TAMS 0x0000000083200000| PB 0x0000000083200000| Untracked 
|  31|0x0000000083300000, 0x0000000083300000, 0x0000000083400000|  0%| F|  |TAMS 0x0000000083300000| PB 0x0000000083300000| Untracked 
|  32|0x0000000083400000, 0x0000000083400000, 0x0000000083500000|  0%| F|  |TAMS 0x0000000083400000| PB 0x0000000083400000| Untracked 
|  33|0x0000000083500000, 0x0000000083500000, 0x0000000083600000|  0%| F|  |TAMS 0x0000000083500000| PB 0x0000000083500000| Untracked 
|  34|0x0000000083600000, 0x0000000083600000, 0x0000000083700000|  0%| F|  |TAMS 0x0000000083600000| PB 0x0000000083600000| Untracked 
|  35|0x0000000083700000, 0x0000000083700000, 0x0000000083800000|  0%| F|  |TAMS 0x0000000083700000| PB 0x0000000083700000| Untracked 
|  36|0x0000000083800000, 0x0000000083800000, 0x0000000083900000|  0%| F|  |TAMS 0x0000000083800000| PB 0x0000000083800000| Untracked 
|  37|0x0000000083900000, 0x0000000083900000, 0x0000000083a00000|  0%| F|  |TAMS 0x0000000083900000| PB 0x0000000083900000| Untracked 
|  38|0x0000000083a00000, 0x0000000083a00000, 0x0000000083b00000|  0%| F|  |TAMS 0x0000000083a00000| PB 0x0000000083a00000| Untracked 
|  39|0x0000000083b00000, 0x0000000083b00000, 0x0000000083c00000|  0%| F|  |TAMS 0x0000000083b00000| PB 0x0000000083b00000| Untracked 
|  40|0x0000000083c00000, 0x0000000083c00000, 0x0000000083d00000|  0%| F|  |TAMS 0x0000000083c00000| PB 0x0000000083c00000| Untracked 
|  41|0x0000000083d00000, 0x0000000083d00000, 0x0000000083e00000|  0%| F|  |TAMS 0x0000000083d00000| PB 0x0000000083d00000| Untracked 
|  42|0x0000000083e00000, 0x0000000083e00000, 0x0000000083f00000|  0%| F|  |TAMS 0x0000000083e00000| PB 0x0000000083e00000| Untracked 
|  43|0x0000000083f00000, 0x0000000083f00000, 0x0000000084000000|  0%| F|  |TAMS 0x0000000083f00000| PB 0x0000000083f00000| Untracked 
|  44|0x0000000084000000, 0x0000000084000000, 0x0000000084100000|  0%| F|  |TAMS 0x0000000084000000| PB 0x0000000084000000| Untracked 
|  45|0x0000000084100000, 0x0000000084100000, 0x0000000084200000|  0%| F|  |TAMS 0x0000000084100000| PB 0x0000000084100000| Untracked 
|  46|0x0000000084200000, 0x0000000084200000, 0x0000000084300000|  0%| F|  |TAMS 0x0000000084200000| PB 0x0000000084200000| Untracked 
|  47|0x0000000084300000, 0x0000000084300000, 0x0000000084400000|  0%| F|  |TAMS 0x0000000084300000| PB 0x0000000084300000| Untracked 
|  48|0x0000000084400000, 0x0000000084400000, 0x0000000084500000|  0%| F|  |TAMS 0x0000000084400000| PB 0x0000000084400000| Untracked 
|  49|0x0000000084500000, 0x0000000084500000, 0x0000000084600000|  0%| F|  |TAMS 0x0000000084500000| PB 0x0000000084500000| Untracked 
|  50|0x0000000084600000, 0x0000000084600000, 0x0000000084700000|  0%| F|  |TAMS 0x0000000084600000| PB 0x0000000084600000| Untracked 
|  51|0x0000000084700000, 0x0000000084700000, 0x0000000084800000|  0%| F|  |TAMS 0x0000000084700000| PB 0x0000000084700000| Untracked 
|  52|0x0000000084800000, 0x0000000084800000, 0x0000000084900000|  0%| F|  |TAMS 0x0000000084800000| PB 0x0000000084800000| Untracked 
|  53|0x0000000084900000, 0x0000000084900000, 0x0000000084a00000|  0%| F|  |TAMS 0x0000000084900000| PB 0x0000000084900000| Untracked 
|  54|0x0000000084a00000, 0x0000000084a00000, 0x0000000084b00000|  0%| F|  |TAMS 0x0000000084a00000| PB 0x0000000084a00000| Untracked 
|  55|0x0000000084b00000, 0x0000000084b00000, 0x0000000084c00000|  0%| F|  |TAMS 0x0000000084b00000| PB 0x0000000084b00000| Untracked 
|  56|0x0000000084c00000, 0x0000000084c00000, 0x0000000084d00000|  0%| F|  |TAMS 0x0000000084c00000| PB 0x0000000084c00000| Untracked 
|  57|0x0000000084d00000, 0x0000000084d00000, 0x0000000084e00000|  0%| F|  |TAMS 0x0000000084d00000| PB 0x0000000084d00000| Untracked 
|  58|0x0000000084e00000, 0x0000000084e00000, 0x0000000084f00000|  0%| F|  |TAMS 0x0000000084e00000| PB 0x0000000084e00000| Untracked 
|  59|0x0000000084f00000, 0x0000000084f00000, 0x0000000085000000|  0%| F|  |TAMS 0x0000000084f00000| PB 0x0000000084f00000| Untracked 
|  60|0x0000000085000000, 0x0000000085000000, 0x0000000085100000|  0%| F|  |TAMS 0x0000000085000000| PB 0x0000000085000000| Untracked 
|  61|0x0000000085100000, 0x0000000085100000, 0x0000000085200000|  0%| F|  |TAMS 0x0000000085100000| PB 0x0000000085100000| Untracked 
|  62|0x0000000085200000, 0x0000000085200000, 0x0000000085300000|  0%| F|  |TAMS 0x0000000085200000| PB 0x0000000085200000| Untracked 
|  63|0x0000000085300000, 0x0000000085300000, 0x0000000085400000|  0%| F|  |TAMS 0x0000000085300000| PB 0x0000000085300000| Untracked 
|  64|0x0000000085400000, 0x0000000085400000, 0x0000000085500000|  0%| F|  |TAMS 0x0000000085400000| PB 0x0000000085400000| Untracked 
|  65|0x0000000085500000, 0x0000000085500000, 0x0000000085600000|  0%| F|  |TAMS 0x0000000085500000| PB 0x0000000085500000| Untracked 
|  66|0x0000000085600000, 0x0000000085600000, 0x0000000085700000|  0%| F|  |TAMS 0x0000000085600000| PB 0x0000000085600000| Untracked 
|  67|0x0000000085700000, 0x0000000085700000, 0x0000000085800000|  0%| F|  |TAMS 0x0000000085700000| PB 0x0000000085700000| Untracked 
|  68|0x0000000085800000, 0x0000000085800000, 0x0000000085900000|  0%| F|  |TAMS 0x0000000085800000| PB 0x0000000085800000| Untracked 
|  69|0x0000000085900000, 0x0000000085900000, 0x0000000085a00000|  0%| F|  |TAMS 0x0000000085900000| PB 0x0000000085900000| Untracked 
|  70|0x0000000085a00000, 0x0000000085a00000, 0x0000000085b00000|  0%| F|  |TAMS 0x0000000085a00000| PB 0x0000000085a00000| Untracked 
|  71|0x0000000085b00000, 0x0000000085b00000, 0x0000000085c00000|  0%| F|  |TAMS 0x0000000085b00000| PB 0x0000000085b00000| Untracked 
|  72|0x0000000085c00000, 0x0000000085c00000, 0x0000000085d00000|  0%| F|  |TAMS 0x0000000085c00000| PB 0x0000000085c00000| Untracked 
|  73|0x0000000085d00000, 0x0000000085d00000, 0x0000000085e00000|  0%| F|  |TAMS 0x0000000085d00000| PB 0x0000000085d00000| Untracked 
|  74|0x0000000085e00000, 0x0000000085e00000, 0x0000000085f00000|  0%| F|  |TAMS 0x0000000085e00000| PB 0x0000000085e00000| Untracked 
|  75|0x0000000085f00000, 0x0000000085f00000, 0x0000000086000000|  0%| F|  |TAMS 0x0000000085f00000| PB 0x0000000085f00000| Untracked 
|  76|0x0000000086000000, 0x0000000086000000, 0x0000000086100000|  0%| F|  |TAMS 0x0000000086000000| PB 0x0000000086000000| Untracked 
|  77|0x0000000086100000, 0x0000000086100000, 0x0000000086200000|  0%| F|  |TAMS 0x0000000086100000| PB 0x0000000086100000| Untracked 
|  78|0x0000000086200000, 0x0000000086200000, 0x0000000086300000|  0%| F|  |TAMS 0x0000000086200000| PB 0x0000000086200000| Untracked 
|  79|0x0000000086300000, 0x0000000086300000, 0x0000000086400000|  0%| F|  |TAMS 0x0000000086300000| PB 0x0000000086300000| Untracked 
|  80|0x0000000086400000, 0x0000000086400000, 0x0000000086500000|  0%| F|  |TAMS 0x0000000086400000| PB 0x0000000086400000| Untracked 
|  81|0x0000000086500000, 0x0000000086500000, 0x0000000086600000|  0%| F|  |TAMS 0x0000000086500000| PB 0x0000000086500000| Untracked 
|  82|0x0000000086600000, 0x0000000086600000, 0x0000000086700000|  0%| F|  |TAMS 0x0000000086600000| PB 0x0000000086600000| Untracked 
|  83|0x0000000086700000, 0x0000000086700000, 0x0000000086800000|  0%| F|  |TAMS 0x0000000086700000| PB 0x0000000086700000| Untracked 
|  84|0x0000000086800000, 0x0000000086800000, 0x0000000086900000|  0%| F|  |TAMS 0x0000000086800000| PB 0x0000000086800000| Untracked 
|  85|0x0000000086900000, 0x0000000086900000, 0x0000000086a00000|  0%| F|  |TAMS 0x0000000086900000| PB 0x0000000086900000| Untracked 
|  86|0x0000000086a00000, 0x0000000086a00000, 0x0000000086b00000|  0%| F|  |TAMS 0x0000000086a00000| PB 0x0000000086a00000| Untracked 
|  87|0x0000000086b00000, 0x0000000086b00000, 0x0000000086c00000|  0%| F|  |TAMS 0x0000000086b00000| PB 0x0000000086b00000| Untracked 
|  88|0x0000000086c00000, 0x0000000086c00000, 0x0000000086d00000|  0%| F|  |TAMS 0x0000000086c00000| PB 0x0000000086c00000| Untracked 
|  89|0x0000000086d00000, 0x0000000086d00000, 0x0000000086e00000|  0%| F|  |TAMS 0x0000000086d00000| PB 0x0000000086d00000| Untracked 
|  90|0x0000000086e00000, 0x0000000086e00000, 0x0000000086f00000|  0%| F|  |TAMS 0x0000000086e00000| PB 0x0000000086e00000| Untracked 
|  91|0x0000000086f00000, 0x0000000086f00000, 0x0000000087000000|  0%| F|  |TAMS 0x0000000086f00000| PB 0x0000000086f00000| Untracked 
|  92|0x0000000087000000, 0x0000000087000000, 0x0000000087100000|  0%| F|  |TAMS 0x0000000087000000| PB 0x0000000087000000| Untracked 
|  93|0x0000000087100000, 0x0000000087100000, 0x0000000087200000|  0%| F|  |TAMS 0x0000000087100000| PB 0x0000000087100000| Untracked 
|  94|0x0000000087200000, 0x0000000087200000, 0x0000000087300000|  0%| F|  |TAMS 0x0000000087200000| PB 0x0000000087200000| Untracked 
|  95|0x0000000087300000, 0x0000000087300000, 0x0000000087400000|  0%| F|  |TAMS 0x0000000087300000| PB 0x0000000087300000| Untracked 
|  96|0x0000000087400000, 0x0000000087400000, 0x0000000087500000|  0%| F|  |TAMS 0x0000000087400000| PB 0x0000000087400000| Untracked 
|  97|0x0000000087500000, 0x0000000087500000, 0x0000000087600000|  0%| F|  |TAMS 0x0000000087500000| PB 0x0000000087500000| Untracked 
|  98|0x0000000087600000, 0x0000000087600000, 0x0000000087700000|  0%| F|  |TAMS 0x0000000087600000| PB 0x0000000087600000| Untracked 
|  99|0x0000000087700000, 0x0000000087700000, 0x0000000087800000|  0%| F|  |TAMS 0x0000000087700000| PB 0x0000000087700000| Untracked 
| 100|0x0000000087800000, 0x0000000087800000, 0x0000000087900000|  0%| F|  |TAMS 0x0000000087800000| PB 0x0000000087800000| Untracked 
| 101|0x0000000087900000, 0x0000000087900000, 0x0000000087a00000|  0%| F|  |TAMS 0x0000000087900000| PB 0x0000000087900000| Untracked 
| 102|0x0000000087a00000, 0x0000000087a00000, 0x0000000087b00000|  0%| F|  |TAMS 0x0000000087a00000| PB 0x0000000087a00000| Untracked 
| 103|0x0000000087b00000, 0x0000000087b00000, 0x0000000087c00000|  0%| F|  |TAMS 0x0000000087b00000| PB 0x0000000087b00000| Untracked 
| 104|0x0000000087c00000, 0x0000000087c00000, 0x0000000087d00000|  0%| F|  |TAMS 0x0000000087c00000| PB 0x0000000087c00000| Untracked 
| 105|0x0000000087d00000, 0x0000000087d00000, 0x0000000087e00000|  0%| F|  |TAMS 0x0000000087d00000| PB 0x0000000087d00000| Untracked 
| 106|0x0000000087e00000, 0x0000000087e00000, 0x0000000087f00000|  0%| F|  |TAMS 0x0000000087e00000| PB 0x0000000087e00000| Untracked 
| 107|0x0000000087f00000, 0x0000000087f00000, 0x0000000088000000|  0%| F|  |TAMS 0x0000000087f00000| PB 0x0000000087f00000| Untracked 
| 108|0x0000000088000000, 0x0000000088000000, 0x0000000088100000|  0%| F|  |TAMS 0x0000000088000000| PB 0x0000000088000000| Untracked 
| 109|0x0000000088100000, 0x0000000088100000, 0x0000000088200000|  0%| F|  |TAMS 0x0000000088100000| PB 0x0000000088100000| Untracked 
| 110|0x0000000088200000, 0x0000000088200000, 0x0000000088300000|  0%| F|  |TAMS 0x0000000088200000| PB 0x0000000088200000| Untracked 
| 111|0x0000000088300000, 0x0000000088300000, 0x0000000088400000|  0%| F|  |TAMS 0x0000000088300000| PB 0x0000000088300000| Untracked 
| 112|0x0000000088400000, 0x0000000088400000, 0x0000000088500000|  0%| F|  |TAMS 0x0000000088400000| PB 0x0000000088400000| Untracked 
| 113|0x0000000088500000, 0x0000000088500000, 0x0000000088600000|  0%| F|  |TAMS 0x0000000088500000| PB 0x0000000088500000| Untracked 
| 114|0x0000000088600000, 0x0000000088600000, 0x0000000088700000|  0%| F|  |TAMS 0x0000000088600000| PB 0x0000000088600000| Untracked 
| 115|0x0000000088700000, 0x0000000088787340, 0x0000000088800000| 52%| E|  |TAMS 0x0000000088700000| PB 0x0000000088700000| Complete 
| 116|0x0000000088800000, 0x0000000088900000, 0x0000000088900000|100%| E|CS|TAMS 0x0000000088800000| PB 0x0000000088800000| Complete 
| 117|0x0000000088900000, 0x0000000088a00000, 0x0000000088a00000|100%| E|CS|TAMS 0x0000000088900000| PB 0x0000000088900000| Complete 
| 118|0x0000000088a00000, 0x0000000088b00000, 0x0000000088b00000|100%| E|CS|TAMS 0x0000000088a00000| PB 0x0000000088a00000| Complete 
| 119|0x0000000088b00000, 0x0000000088c00000, 0x0000000088c00000|100%| E|CS|TAMS 0x0000000088b00000| PB 0x0000000088b00000| Complete 
| 120|0x0000000088c00000, 0x0000000088d00000, 0x0000000088d00000|100%| E|CS|TAMS 0x0000000088c00000| PB 0x0000000088c00000| Complete 
| 121|0x0000000088d00000, 0x0000000088e00000, 0x0000000088e00000|100%| E|CS|TAMS 0x0000000088d00000| PB 0x0000000088d00000| Complete 
| 122|0x0000000088e00000, 0x0000000088f00000, 0x0000000088f00000|100%| E|CS|TAMS 0x0000000088e00000| PB 0x0000000088e00000| Complete 
| 123|0x0000000088f00000, 0x0000000089000000, 0x0000000089000000|100%| E|CS|TAMS 0x0000000088f00000| PB 0x0000000088f00000| Complete 
| 124|0x0000000089000000, 0x0000000089100000, 0x0000000089100000|100%| E|CS|TAMS 0x0000000089000000| PB 0x0000000089000000| Complete 
| 125|0x0000000089100000, 0x0000000089200000, 0x0000000089200000|100%| E|CS|TAMS 0x0000000089100000| PB 0x0000000089100000| Complete 
| 126|0x0000000089200000, 0x0000000089300000, 0x0000000089300000|100%| E|CS|TAMS 0x0000000089200000| PB 0x0000000089200000| Complete 
| 127|0x0000000089300000, 0x0000000089400000, 0x0000000089400000|100%| E|CS|TAMS 0x0000000089300000| PB 0x0000000089300000| Complete 

Card table byte_map: [0x00000232af800000,0x00000232afc00000] _byte_map_base: 0x00000232af3f6000

Marking Bits: (CMBitMap*) 0x0000023297fdcbd0
 Bits: [0x00000232afc00000, 0x00000232b1bb0000)

Polling page: 0x0000023295ed0000

Metaspace:

Usage:
  Non-class:      8.43 MB used.
      Class:      1.04 MB used.
       Both:      9.47 MB used.

Virtual space:
  Non-class space:       64.00 MB reserved,       8.56 MB ( 13%) committed,  1 nodes.
      Class space:        1.00 GB reserved,       1.19 MB ( <1%) committed,  1 nodes.
             Both:        1.06 GB reserved,       9.75 MB ( <1%) committed. 

Chunk freelists:
   Non-Class:  6.81 MB
       Class:  14.73 MB
        Both:  21.54 MB

MaxMetaspaceSize: unlimited
CompressedClassSpaceSize: 1.00 GB
Initial GC threshold: 21.00 MB
Current GC threshold: 21.00 MB
CDS: on
 - commit_granule_bytes: 65536.
 - commit_granule_words: 8192.
 - virtual_space_node_default_size: 8388608.
 - enlarge_chunks_in_place: 1.
 - use_allocation_guard: 0.


Internal statistics:

num_allocs_failed_limit: 0.
num_arena_births: 166.
num_arena_deaths: 0.
num_vsnodes_births: 2.
num_vsnodes_deaths: 0.
num_space_committed: 156.
num_space_uncommitted: 0.
num_chunks_returned_to_freelist: 0.
num_chunks_taken_from_freelist: 258.
num_chunk_merges: 0.
num_chunk_splits: 152.
num_chunks_enlarged: 69.
num_inconsistent_stats: 0.

CodeHeap 'non-profiled nmethods': size=120000Kb used=396Kb max_used=396Kb free=119603Kb
 bounds [0x00000232a7ed0000, 0x00000232a8140000, 0x00000232af400000]
CodeHeap 'profiled nmethods': size=120000Kb used=2043Kb max_used=2043Kb free=117957Kb
 bounds [0x00000232a0400000, 0x00000232a0670000, 0x00000232a7930000]
CodeHeap 'non-nmethods': size=5760Kb used=1539Kb max_used=1566Kb free=4221Kb
 bounds [0x00000232a7930000, 0x00000232a7ba0000, 0x00000232a7ed0000]
 total_blobs=1904 nmethods=1295 adapters=514
 compilation: enabled
              stopped_count=0, restarted_count=0
 full_count=0

Compilation events (20 events):
Event: 1.061 Thread 0x00000232b4091910 1286   !   3       java.io.RandomAccessFile::seek (42 bytes)
Event: 1.061 Thread 0x00000232b4091910 nmethod 1286 0x00000232a05fa710 code [0x00000232a05fa900, 0x00000232a05fac40]
Event: 1.076 Thread 0x00000232b4091910 1288       3       java.io.BufferedInputStream::fill (204 bytes)
Event: 1.077 Thread 0x00000232b4091910 nmethod 1288 0x00000232a05fae10 code [0x00000232a05fb080, 0x00000232a05fbbd8]
Event: 1.077 Thread 0x00000232b4091910 1289       3       java.io.BufferedInputStream::getInIfOpen (21 bytes)
Event: 1.077 Thread 0x00000232b4091910 nmethod 1289 0x00000232a05fbf10 code [0x00000232a05fc0c0, 0x00000232a05fc2d0]
Event: 1.094 Thread 0x00000232b4091910 1290       3       java.util.zip.ZipUtils::CENFLG (9 bytes)
Event: 1.095 Thread 0x00000232b4091910 nmethod 1290 0x00000232a05fc390 code [0x00000232a05fc540, 0x00000232a05fc6e8]
Event: 1.095 Thread 0x00000232b4091910 1291       3       java.lang.CharacterDataLatin1::equalsIgnoreCase (63 bytes)
Event: 1.095 Thread 0x00000232b4091910 nmethod 1291 0x00000232a05fc810 code [0x00000232a05fc9c0, 0x00000232a05fccb8]
Event: 1.096 Thread 0x00000232b4091910 1292       3       java.util.zip.ZipFile::ensureOpenOrZipException (19 bytes)
Event: 1.096 Thread 0x00000232b4091910 nmethod 1292 0x00000232a05fcd90 code [0x00000232a05fcf40, 0x00000232a05fd118]
Event: 1.096 Thread 0x00000232b4091910 1293       3       java.util.zip.ZipFile$ZipFileInputStream::initDataOffset (117 bytes)
Event: 1.097 Thread 0x00000232b4091910 nmethod 1293 0x00000232a05fd210 code [0x00000232a05fd440, 0x00000232a05fdbe0]
Event: 1.097 Thread 0x00000232b4091910 1294   !   3       java.util.zip.ZipFile$Source::readAt (39 bytes)
Event: 1.097 Thread 0x00000232b4091910 nmethod 1294 0x00000232a05fdf10 code [0x00000232a05fe0e0, 0x00000232a05fe420]
Event: 1.097 Thread 0x00000232b4091910 1295       1       java.net.URL::getRef (5 bytes)
Event: 1.097 Thread 0x00000232b4091910 nmethod 1295 0x00000232a7f32e10 code [0x00000232a7f32fa0, 0x00000232a7f33068]
Event: 1.101 Thread 0x00000232b4091910 1296       3       java.util.regex.Pattern::next (33 bytes)
Event: 1.103 Thread 0x00000232b4091910 nmethod 1296 0x00000232a05fe690 code [0x00000232a05fe840, 0x00000232a05feaa8]

GC Heap History (0 events):
No events

Dll operation events (11 events):
Event: 0.009 Loaded shared library C:\Program Files\Java\jdk-21\bin\java.dll
Event: 0.045 Loaded shared library C:\Program Files\Java\jdk-21\bin\jsvml.dll
Event: 0.081 Loaded shared library C:\Program Files\Java\jdk-21\bin\net.dll
Event: 0.083 Loaded shared library C:\Program Files\Java\jdk-21\bin\nio.dll
Event: 0.107 Loaded shared library C:\Program Files\Java\jdk-21\bin\zip.dll
Event: 0.125 Loaded shared library C:\Program Files\Java\jdk-21\bin\jimage.dll
Event: 0.150 Loaded shared library C:\Program Files\Java\jdk-21\bin\awt.dll
Event: 0.458 Loaded shared library C:\Program Files\Java\jdk-21\bin\freetype.dll
Event: 0.459 Loaded shared library C:\Program Files\Java\jdk-21\bin\fontmanager.dll
Event: 1.090 Loaded shared library C:\Users\josel\AppData\Local\Temp\sqlite-3.8.11.2-2ab83563-eea8-4c0b-b577-8e23068c9022-sqlitejdbc.dll
Event: 1.107 Loaded shared library C:\Users\josel\AppData\Local\Temp\sqlite-3.8.11.2-5a23d445-c248-4b68-96a1-6c28e31e3153-sqlitejdbc.dll

Deoptimization events (20 events):
Event: 1.084 Thread 0x00000232fab30de0 Uncommon trap: trap_request=0xffffff45 fr.pc=0x00000232a7f31b48 relative=0x0000000000000b48
Event: 1.084 Thread 0x00000232fab30de0 Uncommon trap: reason=unstable_if action=reinterpret pc=0x00000232a7f31b48 method=org.sqlite.SQLiteJDBCLoader.contentsEquals(Ljava/io/InputStream;Ljava/io/InputStream;)Z @ 39 c2
Event: 1.084 Thread 0x00000232fab30de0 DEOPT PACKING pc=0x00000232a7f31b48 sp=0x0000003a8a9fe790
Event: 1.084 Thread 0x00000232fab30de0 DEOPT UNPACKING pc=0x00000232a79846a2 sp=0x0000003a8a9fe788 mode 2
Event: 1.101 Thread 0x00000232fab31dc0 Uncommon trap: trap_request=0xffffff45 fr.pc=0x00000232a7f31b48 relative=0x0000000000000b48
Event: 1.102 Thread 0x00000232fab31dc0 Uncommon trap: reason=unstable_if action=reinterpret pc=0x00000232a7f31b48 method=org.sqlite.SQLiteJDBCLoader.contentsEquals(Ljava/io/InputStream;Ljava/io/InputStream;)Z @ 39 c2
Event: 1.102 Thread 0x00000232fab31dc0 DEOPT PACKING pc=0x00000232a7f31b48 sp=0x0000003a8abfedb0
Event: 1.102 Thread 0x00000232fab31dc0 DEOPT UNPACKING pc=0x00000232a79846a2 sp=0x0000003a8abfeda8 mode 2
Event: 1.104 Thread 0x00000232fab30de0 Uncommon trap: trap_request=0xffffff45 fr.pc=0x00000232a7f2ae78 relative=0x0000000000000158
Event: 1.104 Thread 0x00000232fab30de0 Uncommon trap: reason=unstable_if action=reinterpret pc=0x00000232a7f2ae78 method=java.util.concurrent.locks.ReentrantLock$NonfairSync.initialTryLock()Z @ 10 c2
Event: 1.104 Thread 0x00000232fab30de0 DEOPT PACKING pc=0x00000232a7f2ae78 sp=0x0000003a8a9fe9d0
Event: 1.104 Thread 0x00000232fab30de0 DEOPT UNPACKING pc=0x00000232a79846a2 sp=0x0000003a8a9fe978 mode 2
Event: 1.104 Thread 0x00000232fab30de0 Uncommon trap: trap_request=0xffffff45 fr.pc=0x00000232a7f2d68c relative=0x00000000000000ec
Event: 1.104 Thread 0x00000232fab30de0 Uncommon trap: reason=unstable_if action=reinterpret pc=0x00000232a7f2d68c method=java.util.concurrent.locks.ReentrantLock$Sync.tryRelease(I)Z @ 26 c2
Event: 1.104 Thread 0x00000232fab30de0 DEOPT PACKING pc=0x00000232a7f2d68c sp=0x0000003a8a9fea30
Event: 1.104 Thread 0x00000232fab30de0 DEOPT UNPACKING pc=0x00000232a79846a2 sp=0x0000003a8a9fe8b0 mode 2
Event: 1.109 Thread 0x00000232fab31dc0 Uncommon trap: trap_request=0xffffff45 fr.pc=0x00000232a7f2ba6c relative=0x00000000000000cc
Event: 1.109 Thread 0x00000232fab31dc0 Uncommon trap: reason=unstable_if action=reinterpret pc=0x00000232a7f2ba6c method=java.util.concurrent.locks.ReentrantLock$Sync.tryRelease(I)Z @ 26 c2
Event: 1.109 Thread 0x00000232fab31dc0 DEOPT PACKING pc=0x00000232a7f2ba6c sp=0x0000003a8abfefa0
Event: 1.109 Thread 0x00000232fab31dc0 DEOPT UNPACKING pc=0x00000232a79846a2 sp=0x0000003a8abfef40 mode 2

Classes loaded (20 events):
Event: 1.015 Loading class sun/awt/im/CompositionAreaHandler
Event: 1.015 Loading class sun/awt/im/CompositionAreaHandler done
Event: 1.015 Loading class java/text/AttributedString
Event: 1.015 Loading class java/text/AttributedString done
Event: 1.015 Loading class java/text/AttributedString$AttributedStringIterator
Event: 1.016 Loading class java/text/AttributedCharacterIterator
Event: 1.016 Loading class java/text/CharacterIterator
Event: 1.016 Loading class java/text/CharacterIterator done
Event: 1.016 Loading class java/text/AttributedCharacterIterator done
Event: 1.016 Loading class java/text/AttributedString$AttributedStringIterator done
Event: 1.099 Loading class java/lang/UnsupportedOperationException
Event: 1.099 Loading class java/lang/UnsupportedOperationException done
Event: 1.099 Loading class java/io/StringReader
Event: 1.099 Loading class java/io/StringReader done
Event: 1.100 Loading class java/lang/NumberFormatException
Event: 1.100 Loading class java/lang/NumberFormatException done
Event: 1.103 Loading class java/util/regex/Pattern$BnM
Event: 1.104 Loading class java/util/regex/Pattern$BnM done
Event: 1.104 Loading class java/util/regex/Pattern$SliceS
Event: 1.104 Loading class java/util/regex/Pattern$SliceS done

Classes unloaded (0 events):
No events

Classes redefined (0 events):
No events

Internal exceptions (20 events):
Event: 0.587 Thread 0x0000023297f878b0 Exception <a 'java/io/FileNotFoundException'{0x0000000088da1888}> (0x0000000088da1888) 
thrown [s\open\src\hotspot\share\prims\jni.cpp, line 520]
Event: 0.588 Thread 0x0000023297f878b0 Exception <a 'java/io/FileNotFoundException'{0x0000000088da5268}> (0x0000000088da5268) 
thrown [s\open\src\hotspot\share\prims\jni.cpp, line 520]
Event: 0.594 Thread 0x0000023297f878b0 Exception <a 'java/io/FileNotFoundException'{0x0000000088db39a8}> (0x0000000088db39a8) 
thrown [s\open\src\hotspot\share\prims\jni.cpp, line 520]
Event: 0.598 Thread 0x0000023297f878b0 Exception <a 'java/io/FileNotFoundException'{0x0000000088dbef10}> (0x0000000088dbef10) 
thrown [s\open\src\hotspot\share\prims\jni.cpp, line 520]
Event: 0.601 Thread 0x0000023297f878b0 Exception <a 'java/io/FileNotFoundException'{0x0000000088dc5618}> (0x0000000088dc5618) 
thrown [s\open\src\hotspot\share\prims\jni.cpp, line 520]
Event: 0.608 Thread 0x0000023297f878b0 Exception <a 'java/io/FileNotFoundException'{0x0000000088de6e68}> (0x0000000088de6e68) 
thrown [s\open\src\hotspot\share\prims\jni.cpp, line 520]
Event: 0.621 Thread 0x0000023297f878b0 Exception <a 'java/io/FileNotFoundException'{0x0000000088c0fbe8}> (0x0000000088c0fbe8) 
thrown [s\open\src\hotspot\share\prims\jni.cpp, line 520]
Event: 0.621 Thread 0x0000023297f878b0 Exception <a 'java/io/FileNotFoundException'{0x0000000088c11e70}> (0x0000000088c11e70) 
thrown [s\open\src\hotspot\share\prims\jni.cpp, line 520]
Event: 0.635 Thread 0x0000023297f878b0 Exception <a 'java/io/FileNotFoundException'{0x0000000088c4c508}> (0x0000000088c4c508) 
thrown [s\open\src\hotspot\share\prims\jni.cpp, line 520]
Event: 0.641 Thread 0x0000023297f878b0 Exception <a 'java/io/FileNotFoundException'{0x0000000088c660e0}> (0x0000000088c660e0) 
thrown [s\open\src\hotspot\share\prims\jni.cpp, line 520]
Event: 0.643 Thread 0x0000023297f878b0 Exception <a 'java/io/FileNotFoundException'{0x0000000088c6ca38}> (0x0000000088c6ca38) 
thrown [s\open\src\hotspot\share\prims\jni.cpp, line 520]
Event: 0.644 Thread 0x0000023297f878b0 Exception <a 'java/io/FileNotFoundException'{0x0000000088c70408}> (0x0000000088c70408) 
thrown [s\open\src\hotspot\share\prims\jni.cpp, line 520]
Event: 0.648 Thread 0x0000023297f878b0 Exception <a 'java/io/FileNotFoundException'{0x0000000088c7e6c0}> (0x0000000088c7e6c0) 
thrown [s\open\src\hotspot\share\prims\jni.cpp, line 520]
Event: 0.651 Thread 0x0000023297f878b0 Exception <a 'java/io/FileNotFoundException'{0x0000000088c89dd0}> (0x0000000088c89dd0) 
thrown [s\open\src\hotspot\share\prims\jni.cpp, line 520]
Event: 0.653 Thread 0x0000023297f878b0 Exception <a 'java/io/FileNotFoundException'{0x0000000088c90498}> (0x0000000088c90498) 
thrown [s\open\src\hotspot\share\prims\jni.cpp, line 520]
Event: 0.661 Thread 0x0000023297f878b0 Exception <a 'java/io/FileNotFoundException'{0x0000000088cb40f0}> (0x0000000088cb40f0) 
thrown [s\open\src\hotspot\share\prims\jni.cpp, line 520]
Event: 0.675 Thread 0x0000023297f878b0 Exception <a 'java/io/FileNotFoundException'{0x0000000088cde4f0}> (0x0000000088cde4f0) 
thrown [s\open\src\hotspot\share\prims\jni.cpp, line 520]
Event: 0.675 Thread 0x0000023297f878b0 Exception <a 'java/io/FileNotFoundException'{0x0000000088ce0778}> (0x0000000088ce0778) 
thrown [s\open\src\hotspot\share\prims\jni.cpp, line 520]
Event: 0.934 Thread 0x00000232fab31dc0 Exception <a 'java/lang/NoSuchMethodError'{0x0000000088863d78}: 'java.lang.Object java.lang.invoke.DirectMethodHandle$Holder.invokeStaticInit(java.lang.Object, int, int, int, int)'> (0x0000000088863d78) 
thrown [s\open\src\hotspot\share\interpreter\linkResolver.cpp, line 773]
Event: 0.971 Thread 0x00000232fab31dc0 Exception <a 'java/lang/NoSuchMethodError'{0x00000000888ca728}: 'java.lang.Object java.lang.invoke.DirectMethodHandle$Holder.invokeStaticInit(java.lang.Object, java.lang.Object, int, int, int, int)'> (0x00000000888ca728) 
thrown [s\open\src\hotspot\share\interpreter\linkResolver.cpp, line 773]

ZGC Phase Switch (0 events):
No events

VM Operations (18 events):
Event: 0.088 Executing VM operation: HandshakeAllThreads (Deoptimize)
Event: 0.088 Executing VM operation: HandshakeAllThreads (Deoptimize) done
Event: 0.189 Executing VM operation: HandshakeAllThreads (Deoptimize)
Event: 0.189 Executing VM operation: HandshakeAllThreads (Deoptimize) done
Event: 0.339 Executing VM operation: HandshakeAllThreads (Deoptimize)
Event: 0.339 Executing VM operation: HandshakeAllThreads (Deoptimize) done
Event: 0.701 Executing VM operation: HandshakeAllThreads (Deoptimize)
Event: 0.701 Executing VM operation: HandshakeAllThreads (Deoptimize) done
Event: 0.814 Executing VM operation: HandshakeAllThreads (Deoptimize)
Event: 0.830 Executing VM operation: HandshakeAllThreads (Deoptimize) done
Event: 0.830 Executing VM operation: ICBufferFull
Event: 0.831 Executing VM operation: ICBufferFull done
Event: 0.831 Executing VM operation: ICBufferFull
Event: 0.831 Executing VM operation: ICBufferFull done
Event: 0.839 Executing VM operation: HandshakeAllThreads (Deoptimize)
Event: 0.840 Executing VM operation: HandshakeAllThreads (Deoptimize) done
Event: 1.000 Executing VM operation: HandshakeAllThreads (Deoptimize)
Event: 1.009 Executing VM operation: HandshakeAllThreads (Deoptimize) done

Events (20 events):
Event: 0.043 Thread 0x00000232b4079c00 Thread added: 0x00000232b4079c00
Event: 0.043 Thread 0x00000232b407ab20 Thread added: 0x00000232b407ab20
Event: 0.043 Thread 0x00000232b407eb90 Thread added: 0x00000232b407eb90
Event: 0.043 Thread 0x00000232b4081700 Thread added: 0x00000232b4081700
Event: 0.043 Thread 0x00000232b4082160 Thread added: 0x00000232b4082160
Event: 0.043 Thread 0x00000232b4082bc0 Thread added: 0x00000232b4082bc0
Event: 0.044 Thread 0x00000232b4090e70 Thread added: 0x00000232b4090e70
Event: 0.044 Thread 0x00000232b4091910 Thread added: 0x00000232b4091910
Event: 0.069 Thread 0x00000232b4043b10 Thread added: 0x00000232b4043b10
Event: 0.102 Thread 0x00000232b4330120 Thread added: 0x00000232b4330120
Event: 0.234 Thread 0x00000232b4505a20 Thread added: 0x00000232b4505a20
Event: 0.236 Thread 0x00000232b4509b90 Thread added: 0x00000232b4509b90
Event: 0.237 Thread 0x00000232b450d2f0 Thread added: 0x00000232b450d2f0
Event: 0.413 Thread 0x00000232b4587470 Thread added: 0x00000232b4587470
Event: 0.742 Thread 0x00000232fab30de0 Thread added: 0x00000232fab30de0
Event: 0.742 Thread 0x00000232fab31750 Thread added: 0x00000232fab31750
Event: 0.742 Thread 0x00000232fab31dc0 Thread added: 0x00000232fab31dc0
Event: 0.833 Thread 0x0000023297f878b0 Thread exited: 0x0000023297f878b0
Event: 0.833 Thread 0x0000023297f878b0 Thread added: 0x0000023297f878b0
Event: 0.853 Thread 0x00000232fabf66a0 Thread added: 0x00000232fabf66a0


Dynamic libraries:
0x00007ff718310000 - 0x00007ff718320000 	C:\Program Files\Java\jdk-21\bin\java.exe
0x00007ffad4350000 - 0x00007ffad4548000 	C:\Windows\SYSTEM32\ntdll.dll
0x00007ffad2b00000 - 0x00007ffad2bbd000 	C:\Windows\System32\KERNEL32.DLL
0x00007ffad1f00000 - 0x00007ffad21f6000 	C:\Windows\System32\KERNELBASE.dll
0x00007ffad1ce0000 - 0x00007ffad1de0000 	C:\Windows\System32\ucrtbase.dll
0x00007ffaca6b0000 - 0x00007ffaca6c9000 	C:\Program Files\Java\jdk-21\bin\jli.dll
0x00007ffacbd60000 - 0x00007ffacbd7b000 	C:\Program Files\Java\jdk-21\bin\VCRUNTIME140.dll
0x00007ffad3c40000 - 0x00007ffad3cf0000 	C:\Windows\System32\ADVAPI32.dll
0x00007ffad3b90000 - 0x00007ffad3c2e000 	C:\Windows\System32\msvcrt.dll
0x00007ffad2ca0000 - 0x00007ffad2d40000 	C:\Windows\System32\sechost.dll
0x00007ffad3f90000 - 0x00007ffad40b3000 	C:\Windows\System32\RPCRT4.dll
0x00007ffad1b70000 - 0x00007ffad1b97000 	C:\Windows\System32\bcrypt.dll
0x00007ffad35f0000 - 0x00007ffad378f000 	C:\Windows\System32\USER32.dll
0x00007ffad1de0000 - 0x00007ffad1e02000 	C:\Windows\System32\win32u.dll
0x00007ffad2d40000 - 0x00007ffad2d6b000 	C:\Windows\System32\GDI32.dll
0x00007ffad2270000 - 0x00007ffad2387000 	C:\Windows\System32\gdi32full.dll
0x00007ffad1e60000 - 0x00007ffad1efd000 	C:\Windows\System32\msvcp_win.dll
0x00007ffabfe20000 - 0x00007ffac00ba000 	C:\Windows\WinSxS\amd64_microsoft.windows.common-controls_6595b64144ccf1df_6.0.19041.4355_none_60b8b9eb71f62e16\COMCTL32.dll
0x00007ffac6890000 - 0x00007ffac689a000 	C:\Windows\SYSTEM32\VERSION.dll
0x00007ffad3b60000 - 0x00007ffad3b8f000 	C:\Windows\System32\IMM32.DLL
0x00007ffacc120000 - 0x00007ffacc12c000 	C:\Program Files\Java\jdk-21\bin\vcruntime140_1.dll
0x00007ffaca700000 - 0x00007ffaca78e000 	C:\Program Files\Java\jdk-21\bin\msvcp140.dll
0x00007ffa4cd80000 - 0x00007ffa4da97000 	C:\Program Files\Java\jdk-21\bin\server\jvm.dll
0x00007ffad3e00000 - 0x00007ffad3e6b000 	C:\Windows\System32\WS2_32.dll
0x00007ffad0f40000 - 0x00007ffad0f8b000 	C:\Windows\SYSTEM32\POWRPROF.dll
0x00007ffacd610000 - 0x00007ffacd637000 	C:\Windows\SYSTEM32\WINMM.dll
0x00007ffad0e00000 - 0x00007ffad0e12000 	C:\Windows\SYSTEM32\UMPDC.dll
0x00007ffad0270000 - 0x00007ffad0282000 	C:\Windows\SYSTEM32\kernel.appcore.dll
0x00007ffacbd30000 - 0x00007ffacbd3a000 	C:\Program Files\Java\jdk-21\bin\jimage.dll
0x00007ffaca8c0000 - 0x00007ffacaaa4000 	C:\Windows\SYSTEM32\DBGHELP.DLL
0x00007ffaca270000 - 0x00007ffaca2a4000 	C:\Windows\SYSTEM32\dbgcore.DLL
0x00007ffad1c50000 - 0x00007ffad1cd2000 	C:\Windows\System32\bcryptPrimitives.dll
0x00007ffaca820000 - 0x00007ffaca83f000 	C:\Program Files\Java\jdk-21\bin\java.dll
0x00007ffad2390000 - 0x00007ffad2afc000 	C:\Windows\System32\SHELL32.dll
0x00007ffacf4e0000 - 0x00007ffacfc7d000 	C:\Windows\SYSTEM32\windows.storage.dll
0x00007ffad37a0000 - 0x00007ffad3af3000 	C:\Windows\System32\combase.dll
0x00007ffad1430000 - 0x00007ffad145e000 	C:\Windows\SYSTEM32\Wldp.dll
0x00007ffad2d70000 - 0x00007ffad2e3d000 	C:\Windows\System32\OLEAUT32.dll
0x00007ffad3d50000 - 0x00007ffad3dfd000 	C:\Windows\System32\SHCORE.dll
0x00007ffad2ff0000 - 0x00007ffad3045000 	C:\Windows\System32\shlwapi.dll
0x00007ffad1940000 - 0x00007ffad1964000 	C:\Windows\SYSTEM32\profapi.dll
0x00007ffaa85c0000 - 0x00007ffaa8697000 	C:\Program Files\Java\jdk-21\bin\jsvml.dll
0x00007ffacbcb0000 - 0x00007ffacbcc0000 	C:\Program Files\Java\jdk-21\bin\net.dll
0x00007ffac8a20000 - 0x00007ffac8b2a000 	C:\Windows\SYSTEM32\WINHTTP.dll
0x00007ffad1190000 - 0x00007ffad11fa000 	C:\Windows\system32\mswsock.dll
0x00007ffaca800000 - 0x00007ffaca816000 	C:\Program Files\Java\jdk-21\bin\nio.dll
0x00007ffaca7e0000 - 0x00007ffaca7f8000 	C:\Program Files\Java\jdk-21\bin\zip.dll
0x00007ffaa5190000 - 0x00007ffaa531f000 	C:\Program Files\Java\jdk-21\bin\awt.dll
0x00007fface9e0000 - 0x00007ffacea70000 	C:\Windows\SYSTEM32\apphelp.dll
0x00007ffacf150000 - 0x00007ffacf17f000 	C:\Windows\system32\DWMAPI.DLL
0x00007ffaced80000 - 0x00007ffacee1e000 	C:\Windows\system32\uxtheme.dll
0x00007ffab2310000 - 0x00007ffab2435000 	C:\Windows\system32\opengl32.dll
0x00007ffab5450000 - 0x00007ffab547c000 	C:\Windows\SYSTEM32\GLU32.dll
0x00007ffad40c0000 - 0x00007ffad41d4000 	C:\Windows\System32\MSCTF.dll
0x00007ffad3050000 - 0x00007ffad317b000 	C:\Windows\System32\ole32.dll
0x00007ffab4940000 - 0x00007ffab49c7000 	C:\Program Files\Java\jdk-21\bin\freetype.dll
0x00007ffaa50a0000 - 0x00007ffaa5182000 	C:\Program Files\Java\jdk-21\bin\fontmanager.dll
0x00007ffabe4a0000 - 0x00007ffabe599000 	C:\Windows\SYSTEM32\textinputframework.dll
0x00007fface190000 - 0x00007fface4eb000 	C:\Windows\System32\CoreUIComponents.dll
0x00007fface530000 - 0x00007fface622000 	C:\Windows\System32\CoreMessaging.dll
0x00007ffad0b60000 - 0x00007ffad0b93000 	C:\Windows\SYSTEM32\ntmarta.dll
0x00007ffacd700000 - 0x00007ffacd857000 	C:\Windows\SYSTEM32\wintypes.dll
0x00007ffad1390000 - 0x00007ffad13a8000 	C:\Windows\SYSTEM32\CRYPTSP.dll
0x00007ffad0a40000 - 0x00007ffad0a74000 	C:\Windows\system32\rsaenh.dll
0x00007ffad18b0000 - 0x00007ffad18de000 	C:\Windows\SYSTEM32\USERENV.dll
0x00007ffad1380000 - 0x00007ffad138c000 	C:\Windows\SYSTEM32\CRYPTBASE.dll
0x00007ffad0e20000 - 0x00007ffad0e5b000 	C:\Windows\SYSTEM32\IPHLPAPI.DLL
0x00007ffad3e70000 - 0x00007ffad3e78000 	C:\Windows\System32\NSI.dll
0x000000006d580000 - 0x000000006d63d000 	C:\Users\josel\AppData\Local\Temp\sqlite-3.8.11.2-2ab83563-eea8-4c0b-b577-8e23068c9022-sqlitejdbc.dll
0x0000000000c00000 - 0x0000000000cbd000 	C:\Users\josel\AppData\Local\Temp\sqlite-3.8.11.2-5a23d445-c248-4b68-96a1-6c28e31e3153-sqlitejdbc.dll

dbghelp: loaded successfully - version: 4.0.5 - missing functions: none
symbol engine: initialized successfully - sym options: 0x614 - pdb path: .;C:\Program Files\Java\jdk-21\bin;C:\Windows\SYSTEM32;C:\Windows\WinSxS\amd64_microsoft.windows.common-controls_6595b64144ccf1df_6.0.19041.4355_none_60b8b9eb71f62e16;C:\Program Files\Java\jdk-21\bin\server;C:\Users\josel\AppData\Local\Temp

VM Arguments:
jvm_args: -Dfile.encoding=UTF-8 --module-path=C:\Users\josel\OneDrive\Documentos\NetBeansProjects\JoseLuisEspinozaSanchez\build\classes 
java_command: joseluisespinozasanchez.JoseLuisEspinozaSanchez
java_class_path (initial): C:\Users\josel\Downloads\sqliteadmin\sqlite-jdbc-3.8.11.2.jar;C:\Users\josel\OneDrive\Documentos\NetBeansProjects\JoseLuisEspinozaSanchez\build\classes
Launcher Type: SUN_STANDARD

[Global flags]
     intx CICompilerCount                          = 3                                         {product} {ergonomic}
     uint ConcGCThreads                            = 1                                         {product} {ergonomic}
     uint G1ConcRefinementThreads                  = 4                                         {product} {ergonomic}
   size_t G1HeapRegionSize                         = 1048576                                   {product} {ergonomic}
    uintx GCDrainStackTargetSize                   = 64                                        {product} {ergonomic}
   size_t InitialHeapSize                          = 134217728                                 {product} {ergonomic}
   size_t MarkStackSize                            = 4194304                                   {product} {ergonomic}
   size_t MaxHeapSize                              = 2126512128                                {product} {ergonomic}
   size_t MaxNewSize                               = 1275068416                                {product} {ergonomic}
   size_t MinHeapDeltaBytes                        = 1048576                                   {product} {ergonomic}
   size_t MinHeapSize                              = 8388608                                   {product} {ergonomic}
    uintx NonNMethodCodeHeapSize                   = 5832780                                {pd product} {ergonomic}
    uintx NonProfiledCodeHeapSize                  = 122912730                              {pd product} {ergonomic}
     bool PerfDisableSharedMem                     = true                                      {product} {ergonomic}
    uintx ProfiledCodeHeapSize                     = 122912730                              {pd product} {ergonomic}
    uintx ReservedCodeCacheSize                    = 251658240                              {pd product} {ergonomic}
     bool SegmentedCodeCache                       = true                                      {product} {ergonomic}
   size_t SoftMaxHeapSize                          = 2126512128                             {manageable} {ergonomic}
     bool UseCompressedOops                        = true                           {product lp64_product} {ergonomic}
     bool UseG1GC                                  = true                                      {product} {ergonomic}
     bool UseLargePagesIndividualAllocation        = false                                  {pd product} {ergonomic}

Logging:
Log output configuration:
 #0: stdout all=warning uptime,level,tags foldmultilines=false
 #1: stderr all=off uptime,level,tags foldmultilines=false

Environment Variables:
PATH=C:\Program Files\Common Files\Oracle\Java\javapath;C:\Program Files (x86)\Common Files\Oracle\Java\java8path;C:\Program Files (x86)\Common Files\Oracle\Java\javapath;C:\Windows\system32;C:\Windows;C:\Windows\System32\Wbem;C:\Windows\System32\WindowsPowerShell\v1.0\;C:\Windows\System32\OpenSSH\;C:\msys64\mingw64\bin;C:\Program Files\Git\cmd;C:\Program Files (x86)\Windows Kits\10\Windows Performance Toolkit\;C:\Users\josel\AppData\Local\Programs\Python\Python312\Scripts\;C:\Users\josel\AppData\Local\Programs\Python\Python312\;C:\Users\josel\AppData\Local\Microsoft\WindowsApps;C:\msys64\mingw64\bin;C:\Users\josel\AppData\Local\Programs\Microsoft VS Code\bin;C:\Users\josel\OneDrive\Documentos\Godot_v4.2.1;C:\Users\josel\AppData\Local\bin\NASM;
USERNAME=josel
OS=Windows_NT
PROCESSOR_IDENTIFIER=Intel64 Family 6 Model 60 Stepping 3, GenuineIntel
TMP=C:\Users\josel\AppData\Local\Temp
TEMP=C:\Users\josel\AppData\Local\Temp




Periodic native trim disabled

---------------  S Y S T E M  ---------------

OS:
 Windows 10 , 64 bit Build 19041 (10.0.19041.3636)
OS uptime: 2 days 3:25 hours

CPU: total 4 (initial active 4) (2 cores per cpu, 2 threads per core) family 6 model 60 stepping 3 microcode 0x27, cx8, cmov, fxsr, ht, mmx, sse, sse2, sse3, ssse3, sse4.1, sse4.2, popcnt, lzcnt, tsc, tscinvbit, avx, avx2, aes, erms, clmul, bmi1, bmi2, fma, vzeroupper, clflush, rdtscp, f16c
Processor Information for all 4 processors :
  Max Mhz: 2501, Current Mhz: 2501, Mhz Limit: 2501

Memory: 4k page, system-wide physical 8105M (1808M free)
TotalPageFile size 10537M (AvailPageFile size 2087M)
current process WorkingSet (physical memory assigned to process): 73M, peak: 73M
current process commit charge ("private bytes"): 219M, peak: 219M

vm_info: Java HotSpot(TM) 64-Bit Server VM (21.0.2+13-LTS-58) for windows-amd64 JRE (21.0.2+13-LTS-58), built on 2024-01-05T18:32:24Z by "mach5one" with MS VC++ 17.1 (VS2022)

END.
